<?xml version="1.0" encoding="UTF-8" standalone="yes"?><!DOCTYPE report PUBLIC "-//JACOCO//DTD Report 1.1//EN" "report.dtd"><report name="java"><sessioninfo id="DESKTOP-QU6C891-3188ce5c" start="1713041779472" dump="1713041780816"/><package name="com/classuml/Model"><class name="com/classuml/Model/UMLDiagram" sourcefilename="UMLDiagram.java"><method name="&lt;init&gt;" desc="(Lcom/classuml/Controller/UMLGui;)V" line="22"><counter type="INSTRUCTION" missed="21" covered="0"/><counter type="LINE" missed="6" covered="0"/><counter type="COMPLEXITY" missed="1" covered="0"/><counter type="METHOD" missed="1" covered="0"/></method><method name="&lt;init&gt;" desc="(Lcom/classuml/Model/UMLDiagram;)V" line="22"><counter type="INSTRUCTION" missed="0" covered="34"/><counter type="LINE" missed="0" covered="9"/><counter type="COMPLEXITY" missed="0" covered="1"/><counter type="METHOD" missed="0" covered="1"/></method><method name="getMemento" desc="()Lcom/classuml/Model/Memento;" line="40"><counter type="INSTRUCTION" missed="0" covered="3"/><counter type="LINE" missed="0" covered="1"/><counter type="COMPLEXITY" missed="0" covered="1"/><counter type="METHOD" missed="0" covered="1"/></method><method name="getGui" desc="()Lcom/classuml/Controller/UMLGui;" line="43"><counter type="INSTRUCTION" missed="0" covered="3"/><counter type="LINE" missed="0" covered="1"/><counter type="COMPLEXITY" missed="0" covered="1"/><counter type="METHOD" missed="0" covered="1"/></method><method name="setGui" desc="(Lcom/classuml/Controller/UMLGui;)V" line="46"><counter type="INSTRUCTION" missed="0" covered="4"/><counter type="LINE" missed="0" covered="2"/><counter type="COMPLEXITY" missed="0" covered="1"/><counter type="METHOD" missed="0" covered="1"/></method><method name="&lt;init&gt;" desc="()V" line="22"><counter type="INSTRUCTION" missed="0" covered="23"/><counter type="LINE" missed="0" covered="6"/><counter type="COMPLEXITY" missed="0" covered="1"/><counter type="METHOD" missed="0" covered="1"/></method><method name="setClassNameMap" desc="(Ljava/util/Map;)V" line="56"><counter type="INSTRUCTION" missed="0" covered="34"/><counter type="BRANCH" missed="0" covered="2"/><counter type="LINE" missed="0" covered="7"/><counter type="COMPLEXITY" missed="0" covered="2"/><counter type="METHOD" missed="0" covered="1"/></method><method name="setClassMap" desc="(Ljava/util/Map;)V" line="66"><counter type="INSTRUCTION" missed="0" covered="43"/><counter type="BRANCH" missed="0" covered="2"/><counter type="LINE" missed="0" covered="7"/><counter type="COMPLEXITY" missed="0" covered="2"/><counter type="METHOD" missed="0" covered="1"/></method><method name="setMemento" desc="(Lcom/classuml/Model/Memento;)V" line="78"><counter type="INSTRUCTION" missed="0" covered="12"/><counter type="LINE" missed="0" covered="3"/><counter type="COMPLEXITY" missed="0" covered="1"/><counter type="METHOD" missed="0" covered="1"/></method><method name="getClasses" desc="()Ljava/util/ArrayList;" line="86"><counter type="INSTRUCTION" missed="0" covered="7"/><counter type="LINE" missed="0" covered="1"/><counter type="COMPLEXITY" missed="0" covered="1"/><counter type="METHOD" missed="0" covered="1"/></method><method name="getRelationships" desc="()Ljava/util/ArrayList;" line="91"><counter type="INSTRUCTION" missed="0" covered="7"/><counter type="LINE" missed="0" covered="1"/><counter type="COMPLEXITY" missed="0" covered="1"/><counter type="METHOD" missed="0" covered="1"/></method><method name="getClassNameMapToName" desc="()Ljava/util/Map;" line="96"><counter type="INSTRUCTION" missed="0" covered="3"/><counter type="LINE" missed="0" covered="1"/><counter type="COMPLEXITY" missed="0" covered="1"/><counter type="METHOD" missed="0" covered="1"/></method><method name="getClassMapToRelation" desc="()Ljava/util/Map;" line="100"><counter type="INSTRUCTION" missed="0" covered="3"/><counter type="LINE" missed="0" covered="1"/><counter type="COMPLEXITY" missed="0" covered="1"/><counter type="METHOD" missed="0" covered="1"/></method><method name="addClass" desc="(Ljava/lang/String;)Z" line="115"><counter type="INSTRUCTION" missed="0" covered="48"/><counter type="BRANCH" missed="3" covered="5"/><counter type="LINE" missed="0" covered="11"/><counter type="COMPLEXITY" missed="3" covered="2"/><counter type="METHOD" missed="0" covered="1"/></method><method name="deleteClass" desc="(Ljava/lang/String;)Z" line="140"><counter type="INSTRUCTION" missed="0" covered="30"/><counter type="BRANCH" missed="0" covered="2"/><counter type="LINE" missed="0" covered="8"/><counter type="COMPLEXITY" missed="0" covered="2"/><counter type="METHOD" missed="0" covered="1"/></method><method name="renameClass" desc="(Ljava/lang/String;Ljava/lang/String;)Z" line="166"><counter type="INSTRUCTION" missed="5" covered="50"/><counter type="BRANCH" missed="3" covered="5"/><counter type="LINE" missed="2" covered="11"/><counter type="COMPLEXITY" missed="3" covered="2"/><counter type="METHOD" missed="0" covered="1"/></method><method name="addRelationship" desc="(Ljava/lang/String;Ljava/lang/String;I)Z" line="198"><counter type="INSTRUCTION" missed="5" covered="58"/><counter type="BRANCH" missed="8" covered="10"/><counter type="LINE" missed="2" covered="9"/><counter type="COMPLEXITY" missed="8" covered="2"/><counter type="METHOD" missed="0" covered="1"/></method><method name="deleteRelationship" desc="(Ljava/lang/String;Ljava/lang/String;)Z" line="226"><counter type="INSTRUCTION" missed="0" covered="28"/><counter type="BRANCH" missed="0" covered="2"/><counter type="LINE" missed="0" covered="8"/><counter type="COMPLEXITY" missed="0" covered="2"/><counter type="METHOD" missed="0" covered="1"/></method><method name="changeRelType" desc="(Ljava/lang/String;Ljava/lang/String;I)Z" line="245"><counter type="INSTRUCTION" missed="5" covered="73"/><counter type="BRANCH" missed="9" covered="11"/><counter type="LINE" missed="2" covered="12"/><counter type="COMPLEXITY" missed="9" covered="2"/><counter type="METHOD" missed="0" covered="1"/></method><method name="generateRelationshipKey" desc="(Ljava/lang/String;Ljava/lang/String;)Ljava/lang/String;" line="271"><counter type="INSTRUCTION" missed="0" covered="4"/><counter type="LINE" missed="0" covered="1"/><counter type="COMPLEXITY" missed="0" covered="1"/><counter type="METHOD" missed="0" covered="1"/></method><method name="relationshipExists" desc="(Ljava/lang/String;Ljava/lang/String;)Z" line="276"><counter type="INSTRUCTION" missed="0" covered="24"/><counter type="BRANCH" missed="1" covered="3"/><counter type="LINE" missed="0" covered="3"/><counter type="COMPLEXITY" missed="1" covered="2"/><counter type="METHOD" missed="0" covered="1"/></method><method name="addField" desc="(Ljava/lang/String;Ljava/lang/String;Ljava/lang/String;)Z" line="296"><counter type="INSTRUCTION" missed="5" covered="24"/><counter type="BRANCH" missed="1" covered="3"/><counter type="LINE" missed="2" covered="8"/><counter type="COMPLEXITY" missed="1" covered="2"/><counter type="METHOD" missed="0" covered="1"/></method><method name="setPosition" desc="(Ljava/lang/String;Ljava/awt/Point;)Z" line="310"><counter type="INSTRUCTION" missed="0" covered="14"/><counter type="BRANCH" missed="0" covered="2"/><counter type="LINE" missed="0" covered="5"/><counter type="COMPLEXITY" missed="0" covered="2"/><counter type="METHOD" missed="0" covered="1"/></method><method name="deleteField" desc="(Ljava/lang/String;Ljava/lang/String;)Z" line="330"><counter type="INSTRUCTION" missed="0" covered="31"/><counter type="BRANCH" missed="0" covered="4"/><counter type="LINE" missed="0" covered="9"/><counter type="COMPLEXITY" missed="0" covered="3"/><counter type="METHOD" missed="0" covered="1"/></method><method name="renameField" desc="(Ljava/lang/String;Ljava/lang/String;Ljava/lang/String;)Z" line="353"><counter type="INSTRUCTION" missed="5" covered="45"/><counter type="BRANCH" missed="3" covered="9"/><counter type="LINE" missed="2" covered="11"/><counter type="COMPLEXITY" missed="3" covered="4"/><counter type="METHOD" missed="0" covered="1"/></method><method name="addMethod" desc="(Ljava/lang/String;Ljava/lang/String;Ljava/lang/String;)Z" line="392"><counter type="INSTRUCTION" missed="10" covered="22"/><counter type="BRANCH" missed="2" covered="2"/><counter type="LINE" missed="4" covered="5"/><counter type="COMPLEXITY" missed="2" covered="1"/><counter type="METHOD" missed="0" covered="1"/></method><method name="deleteMethod" desc="(Ljava/lang/String;Ljava/lang/String;)Z" line="407"><counter type="INSTRUCTION" missed="0" covered="31"/><counter type="BRANCH" missed="0" covered="4"/><counter type="LINE" missed="0" covered="9"/><counter type="COMPLEXITY" missed="0" covered="3"/><counter type="METHOD" missed="0" covered="1"/></method><method name="renameMethod" desc="(Ljava/lang/String;Ljava/lang/String;Ljava/lang/String;)Z" line="422"><counter type="INSTRUCTION" missed="0" covered="36"/><counter type="BRANCH" missed="1" covered="7"/><counter type="LINE" missed="0" covered="9"/><counter type="COMPLEXITY" missed="1" covered="4"/><counter type="METHOD" missed="0" covered="1"/></method><method name="addParameter" desc="(Ljava/lang/String;Ljava/lang/String;Ljava/lang/String;Ljava/lang/String;)Z" line="449"><counter type="INSTRUCTION" missed="5" covered="27"/><counter type="BRANCH" missed="1" covered="3"/><counter type="LINE" missed="2" covered="8"/><counter type="COMPLEXITY" missed="1" covered="2"/><counter type="METHOD" missed="0" covered="1"/></method><method name="renameParameter" desc="(Ljava/lang/String;Ljava/lang/String;Ljava/lang/String;Ljava/lang/String;)Z" line="478"><counter type="INSTRUCTION" missed="0" covered="35"/><counter type="BRANCH" missed="0" covered="6"/><counter type="LINE" missed="0" covered="12"/><counter type="COMPLEXITY" missed="0" covered="4"/><counter type="METHOD" missed="0" covered="1"/></method><method name="deleteParameter" desc="(Ljava/lang/String;Ljava/lang/String;Ljava/lang/String;)Z" line="507"><counter type="INSTRUCTION" missed="0" covered="29"/><counter type="BRANCH" missed="0" covered="4"/><counter type="LINE" missed="0" covered="10"/><counter type="COMPLEXITY" missed="0" covered="3"/><counter type="METHOD" missed="0" covered="1"/></method><method name="replaceParameters" desc="(Ljava/lang/String;Ljava/lang/String;[Ljava/lang/String;[Ljava/lang/String;)Z" line="521"><counter type="INSTRUCTION" missed="0" covered="50"/><counter type="BRANCH" missed="0" covered="4"/><counter type="LINE" missed="0" covered="12"/><counter type="COMPLEXITY" missed="0" covered="3"/><counter type="METHOD" missed="0" covered="1"/></method><method name="clearParameters" desc="(Ljava/lang/String;Ljava/lang/String;)Z" line="540"><counter type="INSTRUCTION" missed="5" covered="23"/><counter type="BRANCH" missed="1" covered="3"/><counter type="LINE" missed="2" covered="8"/><counter type="COMPLEXITY" missed="1" covered="2"/><counter type="METHOD" missed="0" covered="1"/></method><method name="undo" desc="()Z" line="565"><counter type="INSTRUCTION" missed="2" covered="48"/><counter type="BRANCH" missed="1" covered="1"/><counter type="LINE" missed="1" covered="13"/><counter type="COMPLEXITY" missed="1" covered="1"/><counter type="METHOD" missed="0" covered="1"/></method><method name="redo" desc="()Z" line="587"><counter type="INSTRUCTION" missed="0" covered="29"/><counter type="BRANCH" missed="0" covered="2"/><counter type="LINE" missed="0" covered="9"/><counter type="COMPLEXITY" missed="0" covered="2"/><counter type="METHOD" missed="0" covered="1"/></method><method name="saveState" desc="()Z" line="606"><counter type="INSTRUCTION" missed="0" covered="27"/><counter type="LINE" missed="0" covered="7"/><counter type="COMPLEXITY" missed="0" covered="1"/><counter type="METHOD" missed="0" covered="1"/></method><method name="clearState" desc="()Z" line="616"><counter type="INSTRUCTION" missed="5" covered="0"/><counter type="LINE" missed="2" covered="0"/><counter type="COMPLEXITY" missed="1" covered="0"/><counter type="METHOD" missed="1" covered="0"/></method><method name="saveToJSON" desc="(Ljava/lang/String;)Z" line="629"><counter type="INSTRUCTION" missed="24" covered="0"/><counter type="LINE" missed="7" covered="0"/><counter type="COMPLEXITY" missed="1" covered="0"/><counter type="METHOD" missed="1" covered="0"/></method><method name="loadFromJSON" desc="(Ljava/lang/String;)Z" line="648"><counter type="INSTRUCTION" missed="23" covered="0"/><counter type="LINE" missed="7" covered="0"/><counter type="COMPLEXITY" missed="1" covered="0"/><counter type="METHOD" missed="1" covered="0"/></method><method name="clear" desc="()V" line="662"><counter type="INSTRUCTION" missed="0" covered="13"/><counter type="LINE" missed="0" covered="5"/><counter type="COMPLEXITY" missed="0" covered="1"/><counter type="METHOD" missed="0" covered="1"/></method><method name="hasClass" desc="(Ljava/lang/String;)Z" line="675"><counter type="INSTRUCTION" missed="0" covered="5"/><counter type="LINE" missed="0" covered="1"/><counter type="COMPLEXITY" missed="0" covered="1"/><counter type="METHOD" missed="0" covered="1"/></method><method name="getRelationshipsForClass" desc="(Ljava/lang/String;)Ljava/util/List;" line="723"><counter type="INSTRUCTION" missed="0" covered="33"/><counter type="BRANCH" missed="0" covered="6"/><counter type="LINE" missed="0" covered="6"/><counter type="COMPLEXITY" missed="0" covered="4"/><counter type="METHOD" missed="0" covered="1"/></method><method name="helperMethodForHelp" desc="()Ljava/lang/String;" line="734"><counter type="INSTRUCTION" missed="2" covered="0"/><counter type="LINE" missed="1" covered="0"/><counter type="COMPLEXITY" missed="1" covered="0"/><counter type="METHOD" missed="1" covered="0"/></method><method name="getClassByName" desc="(Ljava/lang/String;)Lcom/classuml/Model/UMLClass;" line="740"><counter type="INSTRUCTION" missed="0" covered="6"/><counter type="LINE" missed="0" covered="1"/><counter type="COMPLEXITY" missed="0" covered="1"/><counter type="METHOD" missed="0" covered="1"/></method><method name="lambda$renameClass$1" desc="(Ljava/lang/String;Ljava/lang/String;Lcom/classuml/Model/Relationship;)V" line="179"><counter type="INSTRUCTION" missed="17" covered="0"/><counter type="BRANCH" missed="4" covered="0"/><counter type="LINE" missed="5" covered="0"/><counter type="COMPLEXITY" missed="3" covered="0"/><counter type="METHOD" missed="1" covered="0"/></method><method name="lambda$deleteClass$0" desc="(Ljava/lang/String;Lcom/classuml/Model/Relationship;)Z" line="147"><counter type="INSTRUCTION" missed="6" covered="8"/><counter type="BRANCH" missed="3" covered="1"/><counter type="LINE" missed="0" covered="1"/><counter type="COMPLEXITY" missed="2" covered="1"/><counter type="METHOD" missed="0" covered="1"/></method><counter type="INSTRUCTION" missed="145" covered="1027"/><counter type="BRANCH" missed="41" covered="103"/><counter type="LINE" missed="44" covered="249"/><counter type="COMPLEXITY" missed="44" covered="74"/><counter type="METHOD" missed="6" covered="40"/><counter type="CLASS" missed="0" covered="1"/></class><class name="com/classuml/Model/Memento" sourcefilename="Memento.java"><method name="&lt;init&gt;" desc="()V" line="6"><counter type="INSTRUCTION" missed="0" covered="13"/><counter type="LINE" missed="0" covered="4"/><counter type="COMPLEXITY" missed="0" covered="1"/><counter type="METHOD" missed="0" covered="1"/></method><method name="&lt;init&gt;" desc="(Ljava/util/ArrayDeque;Ljava/util/ArrayDeque;)V" line="6"><counter type="INSTRUCTION" missed="0" covered="55"/><counter type="BRANCH" missed="0" covered="4"/><counter type="LINE" missed="0" covered="12"/><counter type="COMPLEXITY" missed="0" covered="3"/><counter type="METHOD" missed="0" covered="1"/></method><method name="getUndo" desc="()Ljava/util/ArrayDeque;" line="29"><counter type="INSTRUCTION" missed="0" covered="3"/><counter type="LINE" missed="0" covered="1"/><counter type="COMPLEXITY" missed="0" covered="1"/><counter type="METHOD" missed="0" covered="1"/></method><method name="getRedo" desc="()Ljava/util/ArrayDeque;" line="34"><counter type="INSTRUCTION" missed="0" covered="3"/><counter type="LINE" missed="0" covered="1"/><counter type="COMPLEXITY" missed="0" covered="1"/><counter type="METHOD" missed="0" covered="1"/></method><method name="saveState" desc="(Lcom/classuml/Model/UMLDiagram;)Z" line="39"><counter type="INSTRUCTION" missed="2" covered="8"/><counter type="BRANCH" missed="1" covered="1"/><counter type="LINE" missed="1" covered="3"/><counter type="COMPLEXITY" missed="1" covered="1"/><counter type="METHOD" missed="0" covered="1"/></method><method name="undoState" desc="()Lcom/classuml/Model/UMLDiagram;" line="49"><counter type="INSTRUCTION" missed="2" covered="14"/><counter type="BRANCH" missed="1" covered="1"/><counter type="LINE" missed="1" covered="3"/><counter type="COMPLEXITY" missed="1" covered="1"/><counter type="METHOD" missed="0" covered="1"/></method><method name="redo" desc="()Lcom/classuml/Model/UMLDiagram;" line="57"><counter type="INSTRUCTION" missed="0" covered="20"/><counter type="BRANCH" missed="0" covered="2"/><counter type="LINE" missed="0" covered="5"/><counter type="COMPLEXITY" missed="0" covered="2"/><counter type="METHOD" missed="0" covered="1"/></method><method name="popUndo" desc="()V" line="66"><counter type="INSTRUCTION" missed="0" covered="5"/><counter type="LINE" missed="0" covered="2"/><counter type="COMPLEXITY" missed="0" covered="1"/><counter type="METHOD" missed="0" covered="1"/></method><method name="pushRedo" desc="(Lcom/classuml/Model/UMLDiagram;)V" line="71"><counter type="INSTRUCTION" missed="0" covered="5"/><counter type="LINE" missed="0" covered="2"/><counter type="COMPLEXITY" missed="0" covered="1"/><counter type="METHOD" missed="0" covered="1"/></method><method name="clearStates" desc="()V" line="76"><counter type="INSTRUCTION" missed="7" covered="0"/><counter type="LINE" missed="3" covered="0"/><counter type="COMPLEXITY" missed="1" covered="0"/><counter type="METHOD" missed="1" covered="0"/></method><method name="clearRedo" desc="()V" line="82"><counter type="INSTRUCTION" missed="0" covered="4"/><counter type="LINE" missed="0" covered="2"/><counter type="COMPLEXITY" missed="0" covered="1"/><counter type="METHOD" missed="0" covered="1"/></method><counter type="INSTRUCTION" missed="11" covered="130"/><counter type="BRANCH" missed="2" covered="8"/><counter type="LINE" missed="5" covered="33"/><counter type="COMPLEXITY" missed="3" covered="13"/><counter type="METHOD" missed="1" covered="10"/><counter type="CLASS" missed="0" covered="1"/></class><class name="com/classuml/Model/Method" sourcefilename="Method.java"><method name="&lt;init&gt;" desc="(Ljava/lang/String;Ljava/lang/String;)V" line="13"><counter type="INSTRUCTION" missed="0" covered="13"/><counter type="LINE" missed="0" covered="4"/><counter type="COMPLEXITY" missed="0" covered="1"/><counter type="METHOD" missed="0" covered="1"/></method><method name="getReturnType" desc="()Ljava/lang/String;" line="27"><counter type="INSTRUCTION" missed="0" covered="3"/><counter type="LINE" missed="0" covered="1"/><counter type="COMPLEXITY" missed="0" covered="1"/><counter type="METHOD" missed="0" covered="1"/></method><method name="getParameters" desc="()Ljava/util/List;" line="33"><counter type="INSTRUCTION" missed="0" covered="6"/><counter type="LINE" missed="0" covered="1"/><counter type="COMPLEXITY" missed="0" covered="1"/><counter type="METHOD" missed="0" covered="1"/></method><method name="toString" desc="()Ljava/lang/String;" line="45"><counter type="INSTRUCTION" missed="2" covered="24"/><counter type="BRANCH" missed="1" covered="1"/><counter type="LINE" missed="0" covered="4"/><counter type="COMPLEXITY" missed="1" covered="1"/><counter type="METHOD" missed="0" covered="1"/></method><method name="deleteAllParameters" desc="()Z" line="53"><counter type="INSTRUCTION" missed="0" covered="11"/><counter type="BRANCH" missed="0" covered="2"/><counter type="LINE" missed="0" covered="4"/><counter type="COMPLEXITY" missed="0" covered="2"/><counter type="METHOD" missed="0" covered="1"/></method><method name="changeParameterType" desc="(Ljava/lang/String;Ljava/lang/String;)Z" line="62"><counter type="INSTRUCTION" missed="0" covered="24"/><counter type="BRANCH" missed="0" covered="4"/><counter type="LINE" missed="0" covered="6"/><counter type="COMPLEXITY" missed="0" covered="3"/><counter type="METHOD" missed="0" covered="1"/></method><method name="addParameter" desc="(Ljava/lang/String;Ljava/lang/String;)Z" line="75"><counter type="INSTRUCTION" missed="4" covered="30"/><counter type="BRANCH" missed="5" covered="5"/><counter type="LINE" missed="2" covered="4"/><counter type="COMPLEXITY" missed="5" covered="1"/><counter type="METHOD" missed="0" covered="1"/></method><method name="renameParameter" desc="(Ljava/lang/String;Ljava/lang/String;)Z" line="88"><counter type="INSTRUCTION" missed="3" covered="36"/><counter type="BRANCH" missed="2" covered="8"/><counter type="LINE" missed="2" covered="7"/><counter type="COMPLEXITY" missed="2" covered="4"/><counter type="METHOD" missed="0" covered="1"/></method><method name="deleteParameter" desc="(Ljava/lang/String;)Z" line="105"><counter type="INSTRUCTION" missed="0" covered="6"/><counter type="LINE" missed="0" covered="1"/><counter type="COMPLEXITY" missed="0" covered="1"/><counter type="METHOD" missed="0" covered="1"/></method><method name="lambda$deleteParameter$2" desc="(Ljava/lang/String;Lcom/classuml/Model/Parameter;)Z" line="105"><counter type="INSTRUCTION" missed="0" covered="5"/><counter type="LINE" missed="0" covered="1"/><counter type="COMPLEXITY" missed="0" covered="1"/><counter type="METHOD" missed="0" covered="1"/></method><method name="lambda$renameParameter$1" desc="(Ljava/lang/String;Lcom/classuml/Model/Parameter;)Z" line="89"><counter type="INSTRUCTION" missed="0" covered="5"/><counter type="LINE" missed="0" covered="1"/><counter type="COMPLEXITY" missed="0" covered="1"/><counter type="METHOD" missed="0" covered="1"/></method><method name="lambda$addParameter$0" desc="(Ljava/lang/String;Lcom/classuml/Model/Parameter;)Z" line="79"><counter type="INSTRUCTION" missed="0" covered="5"/><counter type="LINE" missed="0" covered="1"/><counter type="COMPLEXITY" missed="0" covered="1"/><counter type="METHOD" missed="0" covered="1"/></method><counter type="INSTRUCTION" missed="9" covered="168"/><counter type="BRANCH" missed="8" covered="20"/><counter type="LINE" missed="4" covered="32"/><counter type="COMPLEXITY" missed="8" covered="18"/><counter type="METHOD" missed="0" covered="12"/><counter type="CLASS" missed="0" covered="1"/></class><class name="com/classuml/Model/Field" sourcefilename="Field.java"><method name="&lt;init&gt;" desc="(Ljava/lang/String;Ljava/lang/String;)V" line="12"><counter type="INSTRUCTION" missed="0" covered="5"/><counter type="LINE" missed="0" covered="2"/><counter type="COMPLEXITY" missed="0" covered="1"/><counter type="METHOD" missed="0" covered="1"/></method><method name="toString" desc="()Ljava/lang/String;" line="19"><counter type="INSTRUCTION" missed="0" covered="6"/><counter type="LINE" missed="0" covered="3"/><counter type="COMPLEXITY" missed="0" covered="1"/><counter type="METHOD" missed="0" covered="1"/></method><counter type="INSTRUCTION" missed="0" covered="11"/><counter type="LINE" missed="0" covered="5"/><counter type="COMPLEXITY" missed="0" covered="2"/><counter type="METHOD" missed="0" covered="2"/><counter type="CLASS" missed="0" covered="1"/></class><class name="com/classuml/Model/UMLStructure" sourcefilename="UMLStructure.java"/><class name="com/classuml/Model/FieldAndMethodLayOut" sourcefilename="FieldAndMethodLayOut.java"><method name="&lt;init&gt;" desc="(Ljava/lang/String;Ljava/lang/String;)V" line="23"><counter type="INSTRUCTION" missed="0" covered="9"/><counter type="LINE" missed="0" covered="4"/><counter type="COMPLEXITY" missed="0" covered="1"/><counter type="METHOD" missed="0" covered="1"/></method><method name="getName" desc="()Ljava/lang/String;" line="34"><counter type="INSTRUCTION" missed="0" covered="3"/><counter type="LINE" missed="0" covered="1"/><counter type="COMPLEXITY" missed="0" covered="1"/><counter type="METHOD" missed="0" covered="1"/></method><method name="getType" desc="()Ljava/lang/String;" line="42"><counter type="INSTRUCTION" missed="0" covered="3"/><counter type="LINE" missed="0" covered="1"/><counter type="COMPLEXITY" missed="0" covered="1"/><counter type="METHOD" missed="0" covered="1"/></method><method name="setName" desc="(Ljava/lang/String;)V" line="50"><counter type="INSTRUCTION" missed="0" covered="4"/><counter type="LINE" missed="0" covered="2"/><counter type="COMPLEXITY" missed="0" covered="1"/><counter type="METHOD" missed="0" covered="1"/></method><method name="setType" desc="(Ljava/lang/String;)V" line="58"><counter type="INSTRUCTION" missed="0" covered="4"/><counter type="LINE" missed="0" covered="2"/><counter type="COMPLEXITY" missed="0" covered="1"/><counter type="METHOD" missed="0" covered="1"/></method><method name="equals" desc="(Ljava/lang/Object;)Z" line="69"><counter type="INSTRUCTION" missed="2" covered="12"/><counter type="BRANCH" missed="1" covered="1"/><counter type="LINE" missed="1" covered="3"/><counter type="COMPLEXITY" missed="1" covered="1"/><counter type="METHOD" missed="0" covered="1"/></method><counter type="INSTRUCTION" missed="2" covered="35"/><counter type="BRANCH" missed="1" covered="1"/><counter type="LINE" missed="1" covered="13"/><counter type="COMPLEXITY" missed="1" covered="6"/><counter type="METHOD" missed="0" covered="6"/><counter type="CLASS" missed="0" covered="1"/></class><class name="com/classuml/Model/Parameter" sourcefilename="Parameter.java"><method name="&lt;init&gt;" desc="(Ljava/lang/String;Ljava/lang/String;)V" line="12"><counter type="INSTRUCTION" missed="0" covered="5"/><counter type="LINE" missed="0" covered="2"/><counter type="COMPLEXITY" missed="0" covered="1"/><counter type="METHOD" missed="0" covered="1"/></method><method name="toString" desc="()Ljava/lang/String;" line="22"><counter type="INSTRUCTION" missed="6" covered="0"/><counter type="LINE" missed="1" covered="0"/><counter type="COMPLEXITY" missed="1" covered="0"/><counter type="METHOD" missed="1" covered="0"/></method><counter type="INSTRUCTION" missed="6" covered="5"/><counter type="LINE" missed="1" covered="2"/><counter type="COMPLEXITY" missed="1" covered="1"/><counter type="METHOD" missed="1" covered="1"/><counter type="CLASS" missed="0" covered="1"/></class><class name="com/classuml/Model/Relationship" sourcefilename="Relationship.java"><method name="&lt;init&gt;" desc="(Ljava/lang/String;Ljava/lang/String;I)V" line="26"><counter type="INSTRUCTION" missed="0" covered="12"/><counter type="LINE" missed="0" covered="5"/><counter type="COMPLEXITY" missed="0" covered="1"/><counter type="METHOD" missed="0" covered="1"/></method><method name="getTypeAsString" desc="(I)Ljava/lang/String;" line="34"><counter type="INSTRUCTION" missed="12" covered="0"/><counter type="BRANCH" missed="5" covered="0"/><counter type="LINE" missed="6" covered="0"/><counter type="COMPLEXITY" missed="5" covered="0"/><counter type="METHOD" missed="1" covered="0"/></method><method name="setSource" desc="(Ljava/lang/String;)V" line="54"><counter type="INSTRUCTION" missed="4" covered="0"/><counter type="LINE" missed="2" covered="0"/><counter type="COMPLEXITY" missed="1" covered="0"/><counter type="METHOD" missed="1" covered="0"/></method><method name="setDestination" desc="(Ljava/lang/String;)V" line="63"><counter type="INSTRUCTION" missed="4" covered="0"/><counter type="LINE" missed="2" covered="0"/><counter type="COMPLEXITY" missed="1" covered="0"/><counter type="METHOD" missed="1" covered="0"/></method><method name="getSource" desc="()Ljava/lang/String;" line="72"><counter type="INSTRUCTION" missed="0" covered="3"/><counter type="LINE" missed="0" covered="1"/><counter type="COMPLEXITY" missed="0" covered="1"/><counter type="METHOD" missed="0" covered="1"/></method><method name="getDestination" desc="()Ljava/lang/String;" line="81"><counter type="INSTRUCTION" missed="0" covered="3"/><counter type="LINE" missed="0" covered="1"/><counter type="COMPLEXITY" missed="0" covered="1"/><counter type="METHOD" missed="0" covered="1"/></method><method name="getType" desc="()I" line="85"><counter type="INSTRUCTION" missed="0" covered="3"/><counter type="LINE" missed="0" covered="1"/><counter type="COMPLEXITY" missed="0" covered="1"/><counter type="METHOD" missed="0" covered="1"/></method><method name="setType" desc="(I)V" line="89"><counter type="INSTRUCTION" missed="4" covered="0"/><counter type="LINE" missed="2" covered="0"/><counter type="COMPLEXITY" missed="1" covered="0"/><counter type="METHOD" missed="1" covered="0"/></method><method name="changeRelType" desc="(I)V" line="95"><counter type="INSTRUCTION" missed="22" covered="0"/><counter type="BRANCH" missed="5" covered="0"/><counter type="LINE" missed="11" covered="0"/><counter type="COMPLEXITY" missed="5" covered="0"/><counter type="METHOD" missed="1" covered="0"/></method><method name="toString" desc="()Ljava/lang/String;" line="124"><counter type="INSTRUCTION" missed="9" covered="0"/><counter type="LINE" missed="1" covered="0"/><counter type="COMPLEXITY" missed="1" covered="0"/><counter type="METHOD" missed="1" covered="0"/></method><counter type="INSTRUCTION" missed="55" covered="21"/><counter type="BRANCH" missed="10" covered="0"/><counter type="LINE" missed="24" covered="8"/><counter type="COMPLEXITY" missed="14" covered="4"/><counter type="METHOD" missed="6" covered="4"/><counter type="CLASS" missed="0" covered="1"/></class><class name="com/classuml/Model/UMLClass" sourcefilename="UMLClass.java"><method name="&lt;init&gt;" desc="()V" line="20"><counter type="INSTRUCTION" missed="0" covered="27"/><counter type="BRANCH" missed="1" covered="1"/><counter type="LINE" missed="0" covered="8"/><counter type="COMPLEXITY" missed="1" covered="1"/><counter type="METHOD" missed="0" covered="1"/></method><method name="&lt;init&gt;" desc="(Lcom/classuml/Model/UMLClass;)V" line="20"><counter type="INSTRUCTION" missed="0" covered="89"/><counter type="BRANCH" missed="1" covered="7"/><counter type="LINE" missed="0" covered="18"/><counter type="COMPLEXITY" missed="1" covered="4"/><counter type="METHOD" missed="0" covered="1"/></method><method name="&lt;init&gt;" desc="(Ljava/lang/String;)V" line="65"><counter type="INSTRUCTION" missed="0" covered="11"/><counter type="BRANCH" missed="2" covered="2"/><counter type="LINE" missed="0" covered="4"/><counter type="COMPLEXITY" missed="2" covered="1"/><counter type="METHOD" missed="0" covered="1"/></method><method name="&lt;init&gt;" desc="(Ljava/lang/String;Ljava/awt/Point;)V" line="72"><counter type="INSTRUCTION" missed="0" covered="14"/><counter type="BRANCH" missed="2" covered="2"/><counter type="LINE" missed="0" covered="5"/><counter type="COMPLEXITY" missed="2" covered="1"/><counter type="METHOD" missed="0" covered="1"/></method><method name="getName" desc="()Ljava/lang/String;" line="86"><counter type="INSTRUCTION" missed="0" covered="3"/><counter type="LINE" missed="0" covered="1"/><counter type="COMPLEXITY" missed="0" covered="1"/><counter type="METHOD" missed="0" covered="1"/></method><method name="setName" desc="(Ljava/lang/String;)V" line="94"><counter type="INSTRUCTION" missed="0" covered="9"/><counter type="BRANCH" missed="2" covered="2"/><counter type="LINE" missed="0" covered="3"/><counter type="COMPLEXITY" missed="2" covered="1"/><counter type="METHOD" missed="0" covered="1"/></method><method name="containsField" desc="(Ljava/lang/String;)Z" line="109"><counter type="INSTRUCTION" missed="0" covered="28"/><counter type="BRANCH" missed="1" covered="7"/><counter type="LINE" missed="0" covered="7"/><counter type="COMPLEXITY" missed="1" covered="4"/><counter type="METHOD" missed="0" covered="1"/></method><method name="getFields" desc="()Ljava/util/ArrayList;" line="126"><counter type="INSTRUCTION" missed="0" covered="3"/><counter type="LINE" missed="0" covered="1"/><counter type="COMPLEXITY" missed="0" covered="1"/><counter type="METHOD" missed="0" covered="1"/></method><method name="setField" desc="(Ljava/util/ArrayList;)V" line="134"><counter type="INSTRUCTION" missed="4" covered="0"/><counter type="LINE" missed="2" covered="0"/><counter type="COMPLEXITY" missed="1" covered="0"/><counter type="METHOD" missed="1" covered="0"/></method><method name="getField" desc="(Ljava/lang/String;)Lcom/classuml/Model/Field;" line="143"><counter type="INSTRUCTION" missed="5" covered="23"/><counter type="BRANCH" missed="4" covered="4"/><counter type="LINE" missed="3" covered="4"/><counter type="COMPLEXITY" missed="4" covered="1"/><counter type="METHOD" missed="0" covered="1"/></method><method name="addField" desc="(Ljava/lang/String;Ljava/lang/String;)Z" line="162"><counter type="INSTRUCTION" missed="1" covered="41"/><counter type="BRANCH" missed="3" covered="9"/><counter type="LINE" missed="1" covered="7"/><counter type="COMPLEXITY" missed="3" covered="4"/><counter type="METHOD" missed="0" covered="1"/></method><method name="renameField" desc="(Ljava/lang/String;Ljava/lang/String;)Z" line="192"><counter type="INSTRUCTION" missed="11" covered="35"/><counter type="BRANCH" missed="9" covered="7"/><counter type="LINE" missed="4" covered="6"/><counter type="COMPLEXITY" missed="8" covered="1"/><counter type="METHOD" missed="0" covered="1"/></method><method name="changeFieldType" desc="(Ljava/lang/String;Ljava/lang/String;)Z" line="219"><counter type="INSTRUCTION" missed="1" covered="35"/><counter type="BRANCH" missed="3" covered="9"/><counter type="LINE" missed="1" covered="7"/><counter type="COMPLEXITY" missed="3" covered="4"/><counter type="METHOD" missed="0" covered="1"/></method><method name="deleteField" desc="(Ljava/lang/String;)Z" line="242"><counter type="INSTRUCTION" missed="3" covered="34"/><counter type="BRANCH" missed="3" covered="7"/><counter type="LINE" missed="2" covered="7"/><counter type="COMPLEXITY" missed="3" covered="3"/><counter type="METHOD" missed="0" covered="1"/></method><method name="deleteField" desc="()Z" line="266"><counter type="INSTRUCTION" missed="11" covered="0"/><counter type="BRANCH" missed="2" covered="0"/><counter type="LINE" missed="4" covered="0"/><counter type="COMPLEXITY" missed="2" covered="0"/><counter type="METHOD" missed="1" covered="0"/></method><method name="containsMethod" desc="(Ljava/lang/String;)Z" line="289"><counter type="INSTRUCTION" missed="3" covered="25"/><counter type="BRANCH" missed="3" covered="5"/><counter type="LINE" missed="2" covered="5"/><counter type="COMPLEXITY" missed="3" covered="2"/><counter type="METHOD" missed="0" covered="1"/></method><method name="getMethods" desc="()Ljava/util/ArrayList;" line="306"><counter type="INSTRUCTION" missed="0" covered="3"/><counter type="LINE" missed="0" covered="1"/><counter type="COMPLEXITY" missed="0" covered="1"/><counter type="METHOD" missed="0" covered="1"/></method><method name="setMethods" desc="(Ljava/util/ArrayList;)V" line="315"><counter type="INSTRUCTION" missed="4" covered="0"/><counter type="LINE" missed="2" covered="0"/><counter type="COMPLEXITY" missed="1" covered="0"/><counter type="METHOD" missed="1" covered="0"/></method><method name="getMethod" desc="(Ljava/lang/String;)Lcom/classuml/Model/Method;" line="325"><counter type="INSTRUCTION" missed="5" covered="23"/><counter type="BRANCH" missed="4" covered="4"/><counter type="LINE" missed="3" covered="4"/><counter type="COMPLEXITY" missed="4" covered="1"/><counter type="METHOD" missed="0" covered="1"/></method><method name="addMethod" desc="(Ljava/lang/String;Ljava/lang/String;)Z" line="348"><counter type="INSTRUCTION" missed="4" covered="23"/><counter type="BRANCH" missed="5" covered="5"/><counter type="LINE" missed="2" covered="3"/><counter type="COMPLEXITY" missed="5" covered="1"/><counter type="METHOD" missed="0" covered="1"/></method><method name="renameMethod" desc="(Ljava/lang/String;Ljava/lang/String;)Z" line="370"><counter type="INSTRUCTION" missed="9" covered="37"/><counter type="BRANCH" missed="8" covered="8"/><counter type="LINE" missed="3" covered="7"/><counter type="COMPLEXITY" missed="7" covered="2"/><counter type="METHOD" missed="0" covered="1"/></method><method name="changeMethodType" desc="(Ljava/lang/String;Ljava/lang/String;)Z" line="397"><counter type="INSTRUCTION" missed="1" covered="35"/><counter type="BRANCH" missed="3" covered="9"/><counter type="LINE" missed="1" covered="7"/><counter type="COMPLEXITY" missed="3" covered="4"/><counter type="METHOD" missed="0" covered="1"/></method><method name="deleteMethod" desc="(Ljava/lang/String;)Z" line="420"><counter type="INSTRUCTION" missed="3" covered="28"/><counter type="BRANCH" missed="3" covered="5"/><counter type="LINE" missed="2" covered="5"/><counter type="COMPLEXITY" missed="3" covered="2"/><counter type="METHOD" missed="0" covered="1"/></method><method name="deleteMethods" desc="()Z" line="441"><counter type="INSTRUCTION" missed="11" covered="0"/><counter type="BRANCH" missed="2" covered="0"/><counter type="LINE" missed="4" covered="0"/><counter type="COMPLEXITY" missed="2" covered="0"/><counter type="METHOD" missed="1" covered="0"/></method><method name="addParameter" desc="(Ljava/lang/String;Ljava/lang/String;Ljava/lang/String;)Z" line="465"><counter type="INSTRUCTION" missed="0" covered="13"/><counter type="BRANCH" missed="0" covered="2"/><counter type="LINE" missed="0" covered="4"/><counter type="COMPLEXITY" missed="0" covered="2"/><counter type="METHOD" missed="0" covered="1"/></method><method name="renameParameter" desc="(Ljava/lang/String;Ljava/lang/String;Ljava/lang/String;)Z" line="473"><counter type="INSTRUCTION" missed="13" covered="0"/><counter type="BRANCH" missed="2" covered="0"/><counter type="LINE" missed="4" covered="0"/><counter type="COMPLEXITY" missed="2" covered="0"/><counter type="METHOD" missed="1" covered="0"/></method><method name="deleteParameter" desc="(Ljava/lang/String;Ljava/lang/String;)Z" line="493"><counter type="INSTRUCTION" missed="0" covered="12"/><counter type="BRANCH" missed="0" covered="2"/><counter type="LINE" missed="0" covered="4"/><counter type="COMPLEXITY" missed="0" covered="2"/><counter type="METHOD" missed="0" covered="1"/></method><method name="getMethodByName" desc="(Ljava/lang/String;)Lcom/classuml/Model/Method;" line="504"><counter type="INSTRUCTION" missed="0" covered="21"/><counter type="BRANCH" missed="0" covered="4"/><counter type="LINE" missed="0" covered="5"/><counter type="COMPLEXITY" missed="0" covered="3"/><counter type="METHOD" missed="0" covered="1"/></method><method name="changeParamType" desc="(Ljava/lang/String;Ljava/lang/String;Ljava/lang/String;)Z" line="526"><counter type="INSTRUCTION" missed="24" covered="0"/><counter type="BRANCH" missed="4" covered="0"/><counter type="LINE" missed="5" covered="0"/><counter type="COMPLEXITY" missed="3" covered="0"/><counter type="METHOD" missed="1" covered="0"/></method><method name="removeAllPar" desc="(Ljava/lang/String;)Z" line="545"><counter type="INSTRUCTION" missed="0" covered="22"/><counter type="BRANCH" missed="0" covered="4"/><counter type="LINE" missed="0" covered="5"/><counter type="COMPLEXITY" missed="0" covered="3"/><counter type="METHOD" missed="0" covered="1"/></method><method name="printMethods" desc="()Ljava/lang/String;" line="559"><counter type="INSTRUCTION" missed="4" covered="0"/><counter type="LINE" missed="1" covered="0"/><counter type="COMPLEXITY" missed="1" covered="0"/><counter type="METHOD" missed="1" covered="0"/></method><method name="printFiled" desc="()Ljava/lang/String;" line="568"><counter type="INSTRUCTION" missed="4" covered="0"/><counter type="LINE" missed="1" covered="0"/><counter type="COMPLEXITY" missed="1" covered="0"/><counter type="METHOD" missed="1" covered="0"/></method><method name="toString" desc="()Ljava/lang/String;" line="579"><counter type="INSTRUCTION" missed="130" covered="0"/><counter type="BRANCH" missed="12" covered="0"/><counter type="LINE" missed="21" covered="0"/><counter type="COMPLEXITY" missed="7" covered="0"/><counter type="METHOD" missed="1" covered="0"/></method><counter type="INSTRUCTION" missed="251" covered="594"/><counter type="BRANCH" missed="79" covered="105"/><counter type="LINE" missed="68" covered="126"/><counter type="COMPLEXITY" missed="75" covered="50"/><counter type="METHOD" missed="9" covered="24"/><counter type="CLASS" missed="0" covered="1"/></class><sourcefile name="Relationship.java"><line nr="26" mi="0" ci="2" mb="0" cb="0"/><line nr="27" mi="0" ci="3" mb="0" cb="0"/><line nr="28" mi="0" ci="3" mb="0" cb="0"/><line nr="29" mi="0" ci="3" mb="0" cb="0"/><line nr="30" mi="0" ci="1" mb="0" cb="0"/><line nr="34" mi="2" ci="0" mb="5" cb="0"/><line nr="36" mi="2" ci="0" mb="0" cb="0"/><line nr="38" mi="2" ci="0" mb="0" cb="0"/><line nr="40" mi="2" ci="0" mb="0" cb="0"/><line nr="42" mi="2" ci="0" mb="0" cb="0"/><line nr="44" mi="2" ci="0" mb="0" cb="0"/><line nr="54" mi="3" ci="0" mb="0" cb="0"/><line nr="55" mi="1" ci="0" mb="0" cb="0"/><line nr="63" mi="3" ci="0" mb="0" cb="0"/><line nr="64" mi="1" ci="0" mb="0" cb="0"/><line nr="72" mi="0" ci="3" mb="0" cb="0"/><line nr="81" mi="0" ci="3" mb="0" cb="0"/><line nr="85" mi="0" ci="3" mb="0" cb="0"/><line nr="89" mi="3" ci="0" mb="0" cb="0"/><line nr="90" mi="1" ci="0" mb="0" cb="0"/><line nr="95" mi="2" ci="0" mb="5" cb="0"/><line nr="98" mi="3" ci="0" mb="0" cb="0"/><line nr="99" mi="1" ci="0" mb="0" cb="0"/><line nr="101" mi="3" ci="0" mb="0" cb="0"/><line nr="102" mi="1" ci="0" mb="0" cb="0"/><line nr="104" mi="3" ci="0" mb="0" cb="0"/><line nr="105" mi="1" ci="0" mb="0" cb="0"/><line nr="107" mi="3" ci="0" mb="0" cb="0"/><line nr="108" mi="1" ci="0" mb="0" cb="0"/><line nr="111" mi="3" ci="0" mb="0" cb="0"/><line nr="114" mi="1" ci="0" mb="0" cb="0"/><line nr="124" mi="9" ci="0" mb="0" cb="0"/><counter type="INSTRUCTION" missed="55" covered="21"/><counter type="BRANCH" missed="10" covered="0"/><counter type="LINE" missed="24" covered="8"/><counter type="COMPLEXITY" missed="14" covered="4"/><counter type="METHOD" missed="6" covered="4"/><counter type="CLASS" missed="0" covered="1"/></sourcefile><sourcefile name="Method.java"><line nr="13" mi="0" ci="5" mb="0" cb="0"/><line nr="22" mi="0" ci="4" mb="0" cb="0"/><line nr="23" mi="0" ci="3" mb="0" cb="0"/><line nr="24" mi="0" ci="1" mb="0" cb="0"/><line nr="27" mi="0" ci="3" mb="0" cb="0"/><line nr="33" mi="0" ci="6" mb="0" cb="0"/><line nr="45" mi="0" ci="8" mb="0" cb="0"/><line nr="46" mi="0" ci="4" mb="0" cb="0"/><line nr="48" mi="0" ci="5" mb="0" cb="0"/><line nr="49" mi="2" ci="7" mb="1" cb="1"/><line nr="53" mi="0" ci="4" mb="0" cb="2"/><line nr="54" mi="0" ci="3" mb="0" cb="0"/><line nr="55" mi="0" ci="2" mb="0" cb="0"/><line nr="57" mi="0" ci="2" mb="0" cb="0"/><line nr="62" mi="0" ci="11" mb="0" cb="2"/><line nr="63" mi="0" ci="5" mb="0" cb="2"/><line nr="64" mi="0" ci="3" mb="0" cb="0"/><line nr="65" mi="0" ci="2" mb="0" cb="0"/><line nr="67" mi="0" ci="1" mb="0" cb="0"/><line nr="68" mi="0" ci="2" mb="0" cb="0"/><line nr="75" mi="0" ci="12" mb="4" cb="4"/><line nr="76" mi="2" ci="0" mb="0" cb="0"/><line nr="79" mi="0" ci="12" mb="1" cb="1"/><line nr="80" mi="2" ci="0" mb="0" cb="0"/><line nr="82" mi="0" ci="9" mb="0" cb="0"/><line nr="83" mi="0" ci="2" mb="0" cb="0"/><line nr="88" mi="0" ci="8" mb="0" cb="4"/><line nr="89" mi="0" ci="10" mb="0" cb="2"/><line nr="90" mi="0" ci="2" mb="0" cb="0"/><line nr="92" mi="0" ci="11" mb="1" cb="1"/><line nr="93" mi="0" ci="5" mb="1" cb="1"/><line nr="94" mi="0" ci="3" mb="0" cb="0"/><line nr="95" mi="0" ci="2" mb="0" cb="0"/><line nr="97" mi="1" ci="0" mb="0" cb="0"/><line nr="98" mi="2" ci="0" mb="0" cb="0"/><line nr="105" mi="0" ci="11" mb="0" cb="0"/><counter type="INSTRUCTION" missed="9" covered="168"/><counter type="BRANCH" missed="8" covered="20"/><counter type="LINE" missed="4" covered="32"/><counter type="COMPLEXITY" missed="8" covered="18"/><counter type="METHOD" missed="0" covered="12"/><counter type="CLASS" missed="0" covered="1"/></sourcefile><sourcefile name="Parameter.java"><line nr="12" mi="0" ci="4" mb="0" cb="0"/><line nr="13" mi="0" ci="1" mb="0" cb="0"/><line nr="22" mi="6" ci="0" mb="0" cb="0"/><counter type="INSTRUCTION" missed="6" covered="5"/><counter type="LINE" missed="1" covered="2"/><counter type="COMPLEXITY" missed="1" covered="1"/><counter type="METHOD" missed="1" covered="1"/><counter type="CLASS" missed="0" covered="1"/></sourcefile><sourcefile name="UMLStructure.java"/><sourcefile name="FieldAndMethodLayOut.java"><line nr="23" mi="0" ci="2" mb="0" cb="0"/><line nr="24" mi="0" ci="3" mb="0" cb="0"/><line nr="25" mi="0" ci="3" mb="0" cb="0"/><line nr="27" mi="0" ci="1" mb="0" cb="0"/><line nr="34" mi="0" ci="3" mb="0" cb="0"/><line nr="42" mi="0" ci="3" mb="0" cb="0"/><line nr="50" mi="0" ci="3" mb="0" cb="0"/><line nr="51" mi="0" ci="1" mb="0" cb="0"/><line nr="58" mi="0" ci="3" mb="0" cb="0"/><line nr="59" mi="0" ci="1" mb="0" cb="0"/><line nr="69" mi="0" ci="3" mb="1" cb="1"/><line nr="70" mi="0" ci="3" mb="0" cb="0"/><line nr="71" mi="0" ci="6" mb="0" cb="0"/><line nr="73" mi="2" ci="0" mb="0" cb="0"/><counter type="INSTRUCTION" missed="2" covered="35"/><counter type="BRANCH" missed="1" covered="1"/><counter type="LINE" missed="1" covered="13"/><counter type="COMPLEXITY" missed="1" covered="6"/><counter type="METHOD" missed="0" covered="6"/><counter type="CLASS" missed="0" covered="1"/></sourcefile><sourcefile name="UMLDiagram.java"><line nr="22" mi="5" ci="10" mb="0" cb="0"/><line nr="24" mi="5" ci="10" mb="0" cb="0"/><line nr="25" mi="5" ci="10" mb="0" cb="0"/><line nr="29" mi="2" ci="0" mb="0" cb="0"/><line nr="30" mi="3" ci="0" mb="0" cb="0"/><line nr="31" mi="1" ci="0" mb="0" cb="0"/><line nr="33" mi="0" ci="2" mb="0" cb="0"/><line nr="34" mi="0" ci="4" mb="0" cb="0"/><line nr="35" mi="0" ci="4" mb="0" cb="0"/><line nr="36" mi="0" ci="4" mb="0" cb="0"/><line nr="37" mi="0" ci="4" mb="0" cb="0"/><line nr="38" mi="0" ci="1" mb="0" cb="0"/><line nr="40" mi="0" ci="3" mb="0" cb="0"/><line nr="43" mi="0" ci="3" mb="0" cb="0"/><line nr="46" mi="0" ci="3" mb="0" cb="0"/><line nr="47" mi="0" ci="1" mb="0" cb="0"/><line nr="50" mi="0" ci="2" mb="0" cb="0"/><line nr="51" mi="0" ci="5" mb="0" cb="0"/><line nr="52" mi="0" ci="1" mb="0" cb="0"/><line nr="56" mi="0" ci="4" mb="0" cb="0"/><line nr="57" mi="0" ci="11" mb="0" cb="2"/><line nr="59" mi="0" ci="7" mb="0" cb="0"/><line nr="60" mi="0" ci="7" mb="0" cb="0"/><line nr="61" mi="0" ci="1" mb="0" cb="0"/><line nr="62" mi="0" ci="3" mb="0" cb="0"/><line nr="63" mi="0" ci="1" mb="0" cb="0"/><line nr="66" mi="0" ci="4" mb="0" cb="0"/><line nr="67" mi="0" ci="11" mb="0" cb="2"/><line nr="69" mi="0" ci="16" mb="0" cb="0"/><line nr="71" mi="0" ci="7" mb="0" cb="0"/><line nr="72" mi="0" ci="1" mb="0" cb="0"/><line nr="73" mi="0" ci="3" mb="0" cb="0"/><line nr="75" mi="0" ci="1" mb="0" cb="0"/><line nr="78" mi="0" ci="8" mb="0" cb="0"/><line nr="79" mi="0" ci="3" mb="0" cb="0"/><line nr="81" mi="0" ci="1" mb="0" cb="0"/><line nr="86" mi="0" ci="7" mb="0" cb="0"/><line nr="91" mi="0" ci="7" mb="0" cb="0"/><line nr="96" mi="0" ci="3" mb="0" cb="0"/><line nr="100" mi="0" ci="3" mb="0" cb="0"/><line nr="115" mi="0" ci="3" mb="0" cb="0"/><line nr="116" mi="0" ci="3" mb="0" cb="0"/><line nr="117" mi="0" ci="10" mb="2" cb="4"/><line nr="118" mi="0" ci="3" mb="0" cb="0"/><line nr="119" mi="0" ci="2" mb="0" cb="0"/><line nr="121" mi="0" ci="2" mb="0" cb="0"/><line nr="122" mi="0" ci="2" mb="0" cb="0"/><line nr="123" mi="0" ci="6" mb="0" cb="0"/><line nr="124" mi="0" ci="5" mb="1" cb="1"/><line nr="125" mi="0" ci="10" mb="0" cb="0"/><line nr="127" mi="0" ci="2" mb="0" cb="0"/><line nr="140" mi="0" ci="3" mb="0" cb="0"/><line nr="141" mi="0" ci="3" mb="0" cb="0"/><line nr="143" mi="0" ci="5" mb="0" cb="2"/><line nr="144" mi="0" ci="5" mb="0" cb="0"/><line nr="146" mi="0" ci="7" mb="0" cb="0"/><line nr="147" mi="6" ci="8" mb="3" cb="1"/><line nr="148" mi="0" ci="2" mb="0" cb="0"/><line nr="150" mi="0" ci="3" mb="0" cb="0"/><line nr="151" mi="0" ci="2" mb="0" cb="0"/><line nr="166" mi="0" ci="3" mb="0" cb="0"/><line nr="167" mi="0" ci="3" mb="0" cb="0"/><line nr="169" mi="0" ci="5" mb="2" cb="2"/><line nr="170" mi="3" ci="0" mb="0" cb="0"/><line nr="171" mi="2" ci="0" mb="0" cb="0"/><line nr="173" mi="0" ci="10" mb="1" cb="3"/><line nr="174" mi="0" ci="6" mb="0" cb="0"/><line nr="175" mi="0" ci="3" mb="0" cb="0"/><line nr="176" mi="0" ci="6" mb="0" cb="0"/><line nr="178" mi="0" ci="7" mb="0" cb="0"/><line nr="179" mi="5" ci="0" mb="2" cb="0"/><line nr="180" mi="3" ci="0" mb="0" cb="0"/><line nr="182" mi="5" ci="0" mb="2" cb="0"/><line nr="183" mi="3" ci="0" mb="0" cb="0"/><line nr="186" mi="1" ci="0" mb="0" cb="0"/><line nr="187" mi="0" ci="2" mb="0" cb="0"/><line nr="189" mi="0" ci="3" mb="0" cb="0"/><line nr="190" mi="0" ci="2" mb="0" cb="0"/><line nr="198" mi="0" ci="3" mb="0" cb="0"/><line nr="199" mi="0" ci="3" mb="0" cb="0"/><line nr="200" mi="0" ci="16" mb="6" cb="6"/><line nr="201" mi="3" ci="0" mb="0" cb="0"/><line nr="202" mi="2" ci="0" mb="0" cb="0"/><line nr="205" mi="0" ci="10" mb="2" cb="2"/><line nr="207" mi="0" ci="5" mb="0" cb="2"/><line nr="209" mi="0" ci="14" mb="0" cb="0"/><line nr="210" mi="0" ci="2" mb="0" cb="0"/><line nr="213" mi="0" ci="3" mb="0" cb="0"/><line nr="214" mi="0" ci="2" mb="0" cb="0"/><line nr="226" mi="0" ci="3" mb="0" cb="0"/><line nr="227" mi="0" ci="3" mb="0" cb="0"/><line nr="229" mi="0" ci="5" mb="0" cb="0"/><line nr="232" mi="0" ci="5" mb="0" cb="2"/><line nr="234" mi="0" ci="5" mb="0" cb="0"/><line nr="235" mi="0" ci="2" mb="0" cb="0"/><line nr="237" mi="0" ci="3" mb="0" cb="0"/><line nr="238" mi="0" ci="2" mb="0" cb="0"/><line nr="245" mi="0" ci="3" mb="0" cb="0"/><line nr="246" mi="0" ci="3" mb="0" cb="0"/><line nr="247" mi="0" ci="16" mb="6" cb="6"/><line nr="248" mi="3" ci="0" mb="0" cb="0"/><line nr="249" mi="2" ci="0" mb="0" cb="0"/><line nr="251" mi="0" ci="5" mb="0" cb="0"/><line nr="253" mi="0" ci="10" mb="2" cb="2"/><line nr="254" mi="0" ci="5" mb="0" cb="2"/><line nr="255" mi="0" ci="5" mb="0" cb="0"/><line nr="257" mi="0" ci="5" mb="1" cb="1"/><line nr="259" mi="0" ci="14" mb="0" cb="0"/><line nr="260" mi="0" ci="2" mb="0" cb="0"/><line nr="264" mi="0" ci="3" mb="0" cb="0"/><line nr="265" mi="0" ci="2" mb="0" cb="0"/><line nr="271" mi="0" ci="4" mb="0" cb="0"/><line nr="276" mi="0" ci="5" mb="0" cb="0"/><line nr="277" mi="0" ci="5" mb="0" cb="0"/><line nr="278" mi="0" ci="14" mb="1" cb="3"/><line nr="296" mi="0" ci="3" mb="0" cb="0"/><line nr="297" mi="0" ci="3" mb="0" cb="0"/><line nr="298" mi="0" ci="4" mb="0" cb="0"/><line nr="299" mi="0" ci="2" mb="1" cb="1"/><line nr="300" mi="0" ci="5" mb="0" cb="2"/><line nr="301" mi="0" ci="2" mb="0" cb="0"/><line nr="302" mi="0" ci="3" mb="0" cb="0"/><line nr="303" mi="0" ci="2" mb="0" cb="0"/><line nr="305" mi="3" ci="0" mb="0" cb="0"/><line nr="306" mi="2" ci="0" mb="0" cb="0"/><line nr="310" mi="0" ci="4" mb="0" cb="0"/><line nr="311" mi="0" ci="2" mb="0" cb="2"/><line nr="312" mi="0" ci="4" mb="0" cb="0"/><line nr="313" mi="0" ci="2" mb="0" cb="0"/><line nr="315" mi="0" ci="2" mb="0" cb="0"/><line nr="330" mi="0" ci="3" mb="0" cb="0"/><line nr="331" mi="0" ci="3" mb="0" cb="0"/><line nr="332" mi="0" ci="5" mb="0" cb="2"/><line nr="333" mi="0" ci="8" mb="0" cb="2"/><line nr="334" mi="0" ci="2" mb="0" cb="0"/><line nr="335" mi="0" ci="3" mb="0" cb="0"/><line nr="336" mi="0" ci="2" mb="0" cb="0"/><line nr="338" mi="0" ci="3" mb="0" cb="0"/><line nr="339" mi="0" ci="2" mb="0" cb="0"/><line nr="353" mi="0" ci="3" mb="0" cb="0"/><line nr="354" mi="0" ci="3" mb="0" cb="0"/><line nr="356" mi="0" ci="10" mb="1" cb="5"/><line nr="357" mi="0" ci="3" mb="0" cb="0"/><line nr="358" mi="0" ci="2" mb="0" cb="0"/><line nr="362" mi="0" ci="6" mb="0" cb="0"/><line nr="365" mi="0" ci="6" mb="1" cb="3"/><line nr="367" mi="0" ci="5" mb="1" cb="1"/><line nr="368" mi="0" ci="2" mb="0" cb="0"/><line nr="369" mi="3" ci="0" mb="0" cb="0"/><line nr="370" mi="2" ci="0" mb="0" cb="0"/><line nr="373" mi="0" ci="3" mb="0" cb="0"/><line nr="374" mi="0" ci="2" mb="0" cb="0"/><line nr="392" mi="0" ci="3" mb="0" cb="0"/><line nr="393" mi="0" ci="3" mb="0" cb="0"/><line nr="394" mi="0" ci="5" mb="1" cb="1"/><line nr="395" mi="0" ci="9" mb="1" cb="1"/><line nr="396" mi="0" ci="2" mb="0" cb="0"/><line nr="397" mi="3" ci="0" mb="0" cb="0"/><line nr="398" mi="2" ci="0" mb="0" cb="0"/><line nr="400" mi="3" ci="0" mb="0" cb="0"/><line nr="401" mi="2" ci="0" mb="0" cb="0"/><line nr="407" mi="0" ci="3" mb="0" cb="0"/><line nr="408" mi="0" ci="3" mb="0" cb="0"/><line nr="409" mi="0" ci="5" mb="0" cb="2"/><line nr="410" mi="0" ci="8" mb="0" cb="2"/><line nr="411" mi="0" ci="2" mb="0" cb="0"/><line nr="412" mi="0" ci="3" mb="0" cb="0"/><line nr="413" mi="0" ci="2" mb="0" cb="0"/><line nr="415" mi="0" ci="3" mb="0" cb="0"/><line nr="416" mi="0" ci="2" mb="0" cb="0"/><line nr="422" mi="0" ci="3" mb="0" cb="0"/><line nr="423" mi="0" ci="3" mb="0" cb="0"/><line nr="424" mi="0" ci="9" mb="1" cb="5"/><line nr="425" mi="0" ci="9" mb="0" cb="2"/><line nr="426" mi="0" ci="2" mb="0" cb="0"/><line nr="427" mi="0" ci="3" mb="0" cb="0"/><line nr="428" mi="0" ci="2" mb="0" cb="0"/><line nr="430" mi="0" ci="3" mb="0" cb="0"/><line nr="431" mi="0" ci="2" mb="0" cb="0"/><line nr="449" mi="0" ci="3" mb="0" cb="0"/><line nr="450" mi="0" ci="3" mb="0" cb="0"/><line nr="451" mi="0" ci="6" mb="0" cb="0"/><line nr="452" mi="0" ci="2" mb="1" cb="1"/><line nr="453" mi="3" ci="0" mb="0" cb="0"/><line nr="454" mi="2" ci="0" mb="0" cb="0"/><line nr="457" mi="0" ci="6" mb="0" cb="2"/><line nr="458" mi="0" ci="2" mb="0" cb="0"/><line nr="459" mi="0" ci="3" mb="0" cb="0"/><line nr="460" mi="0" ci="2" mb="0" cb="0"/><line nr="478" mi="0" ci="3" mb="0" cb="0"/><line nr="479" mi="0" ci="3" mb="0" cb="0"/><line nr="480" mi="0" ci="4" mb="0" cb="0"/><line nr="481" mi="0" ci="2" mb="0" cb="2"/><line nr="482" mi="0" ci="4" mb="0" cb="0"/><line nr="483" mi="0" ci="2" mb="0" cb="2"/><line nr="484" mi="0" ci="5" mb="0" cb="2"/><line nr="485" mi="0" ci="2" mb="0" cb="0"/><line nr="486" mi="0" ci="3" mb="0" cb="0"/><line nr="487" mi="0" ci="2" mb="0" cb="0"/><line nr="490" mi="0" ci="3" mb="0" cb="0"/><line nr="491" mi="0" ci="2" mb="0" cb="0"/><line nr="507" mi="0" ci="3" mb="0" cb="0"/><line nr="508" mi="0" ci="3" mb="0" cb="0"/><line nr="509" mi="0" ci="4" mb="0" cb="0"/><line nr="510" mi="0" ci="2" mb="0" cb="2"/><line nr="511" mi="0" ci="5" mb="0" cb="2"/><line nr="512" mi="0" ci="2" mb="0" cb="0"/><line nr="513" mi="0" ci="3" mb="0" cb="0"/><line nr="514" mi="0" ci="2" mb="0" cb="0"/><line nr="516" mi="0" ci="3" mb="0" cb="0"/><line nr="517" mi="0" ci="2" mb="0" cb="0"/><line nr="521" mi="0" ci="3" mb="0" cb="0"/><line nr="522" mi="0" ci="3" mb="0" cb="0"/><line nr="523" mi="0" ci="5" mb="0" cb="0"/><line nr="524" mi="0" ci="2" mb="0" cb="0"/><line nr="525" mi="0" ci="2" mb="0" cb="0"/><line nr="527" mi="0" ci="16" mb="0" cb="2"/><line nr="528" mi="0" ci="9" mb="0" cb="0"/><line nr="529" mi="0" ci="1" mb="0" cb="0"/><line nr="530" mi="0" ci="2" mb="0" cb="2"/><line nr="532" mi="0" ci="3" mb="0" cb="0"/><line nr="533" mi="0" ci="2" mb="0" cb="0"/><line nr="536" mi="0" ci="2" mb="0" cb="0"/><line nr="540" mi="0" ci="3" mb="0" cb="0"/><line nr="541" mi="0" ci="3" mb="0" cb="0"/><line nr="542" mi="0" ci="4" mb="0" cb="0"/><line nr="544" mi="0" ci="2" mb="1" cb="1"/><line nr="545" mi="0" ci="4" mb="0" cb="2"/><line nr="546" mi="0" ci="2" mb="0" cb="0"/><line nr="547" mi="0" ci="3" mb="0" cb="0"/><line nr="548" mi="0" ci="2" mb="0" cb="0"/><line nr="550" mi="3" ci="0" mb="0" cb="0"/><line nr="551" mi="2" ci="0" mb="0" cb="0"/><line nr="565" mi="0" ci="4" mb="0" cb="0"/><line nr="566" mi="0" ci="4" mb="0" cb="0"/><line nr="567" mi="0" ci="4" mb="0" cb="0"/><line nr="568" mi="0" ci="4" mb="0" cb="0"/><line nr="569" mi="0" ci="4" mb="0" cb="0"/><line nr="570" mi="0" ci="4" mb="0" cb="0"/><line nr="571" mi="0" ci="2" mb="1" cb="1"/><line nr="572" mi="2" ci="0" mb="0" cb="0"/><line nr="573" mi="0" ci="4" mb="0" cb="0"/><line nr="574" mi="0" ci="4" mb="0" cb="0"/><line nr="575" mi="0" ci="4" mb="0" cb="0"/><line nr="576" mi="0" ci="4" mb="0" cb="0"/><line nr="577" mi="0" ci="4" mb="0" cb="0"/><line nr="578" mi="0" ci="2" mb="0" cb="0"/><line nr="587" mi="0" ci="4" mb="0" cb="0"/><line nr="588" mi="0" ci="2" mb="0" cb="2"/><line nr="590" mi="0" ci="2" mb="0" cb="0"/><line nr="592" mi="0" ci="3" mb="0" cb="0"/><line nr="593" mi="0" ci="4" mb="0" cb="0"/><line nr="594" mi="0" ci="4" mb="0" cb="0"/><line nr="595" mi="0" ci="4" mb="0" cb="0"/><line nr="596" mi="0" ci="4" mb="0" cb="0"/><line nr="598" mi="0" ci="2" mb="0" cb="0"/><line nr="606" mi="0" ci="4" mb="0" cb="0"/><line nr="607" mi="0" ci="4" mb="0" cb="0"/><line nr="608" mi="0" ci="4" mb="0" cb="0"/><line nr="609" mi="0" ci="4" mb="0" cb="0"/><line nr="610" mi="0" ci="4" mb="0" cb="0"/><line nr="611" mi="0" ci="5" mb="0" cb="0"/><line nr="612" mi="0" ci="2" mb="0" cb="0"/><line nr="616" mi="3" ci="0" mb="0" cb="0"/><line nr="617" mi="2" ci="0" mb="0" cb="0"/><line nr="629" mi="6" ci="0" mb="0" cb="0"/><line nr="630" mi="5" ci="0" mb="0" cb="0"/><line nr="631" mi="4" ci="0" mb="0" cb="0"/><line nr="632" mi="4" ci="0" mb="0" cb="0"/><line nr="633" mi="1" ci="0" mb="0" cb="0"/><line nr="634" mi="2" ci="0" mb="0" cb="0"/><line nr="635" mi="2" ci="0" mb="0" cb="0"/><line nr="648" mi="4" ci="0" mb="0" cb="0"/><line nr="649" mi="5" ci="0" mb="0" cb="0"/><line nr="650" mi="5" ci="0" mb="0" cb="0"/><line nr="651" mi="4" ci="0" mb="0" cb="0"/><line nr="652" mi="1" ci="0" mb="0" cb="0"/><line nr="653" mi="2" ci="0" mb="0" cb="0"/><line nr="654" mi="2" ci="0" mb="0" cb="0"/><line nr="662" mi="0" ci="3" mb="0" cb="0"/><line nr="663" mi="0" ci="3" mb="0" cb="0"/><line nr="664" mi="0" ci="3" mb="0" cb="0"/><line nr="665" mi="0" ci="3" mb="0" cb="0"/><line nr="666" mi="0" ci="1" mb="0" cb="0"/><line nr="675" mi="0" ci="5" mb="0" cb="0"/><line nr="723" mi="0" ci="4" mb="0" cb="0"/><line nr="724" mi="0" ci="12" mb="0" cb="2"/><line nr="725" mi="0" ci="10" mb="0" cb="4"/><line nr="726" mi="0" ci="4" mb="0" cb="0"/><line nr="728" mi="0" ci="1" mb="0" cb="0"/><line nr="729" mi="0" ci="2" mb="0" cb="0"/><line nr="734" mi="2" ci="0" mb="0" cb="0"/><line nr="740" mi="0" ci="6" mb="0" cb="0"/><counter type="INSTRUCTION" missed="145" covered="1027"/><counter type="BRANCH" missed="41" covered="103"/><counter type="LINE" missed="44" covered="249"/><counter type="COMPLEXITY" missed="44" covered="74"/><counter type="METHOD" missed="6" covered="40"/><counter type="CLASS" missed="0" covered="1"/></sourcefile><sourcefile name="UMLClass.java"><line nr="20" mi="0" ci="6" mb="0" cb="0"/><line nr="21" mi="0" ci="6" mb="0" cb="0"/><line nr="29" mi="0" ci="2" mb="0" cb="0"/><line nr="30" mi="0" ci="5" mb="0" cb="0"/><line nr="31" mi="0" ci="5" mb="0" cb="0"/><line nr="32" mi="0" ci="3" mb="1" cb="1"/><line nr="33" mi="0" ci="5" mb="0" cb="0"/><line nr="35" mi="0" ci="1" mb="0" cb="0"/><line nr="37" mi="0" ci="2" mb="0" cb="0"/><line nr="38" mi="0" ci="4" mb="0" cb="0"/><line nr="39" mi="0" ci="5" mb="0" cb="0"/><line nr="40" mi="0" ci="5" mb="0" cb="0"/><line nr="41" mi="0" ci="11" mb="0" cb="2"/><line nr="43" mi="0" ci="7" mb="0" cb="0"/><line nr="44" mi="0" ci="1" mb="0" cb="0"/><line nr="45" mi="0" ci="11" mb="0" cb="2"/><line nr="47" mi="0" ci="7" mb="0" cb="0"/><line nr="48" mi="0" ci="11" mb="0" cb="2"/><line nr="50" mi="0" ci="9" mb="0" cb="0"/><line nr="51" mi="0" ci="1" mb="0" cb="0"/><line nr="53" mi="0" ci="1" mb="0" cb="0"/><line nr="54" mi="0" ci="3" mb="1" cb="1"/><line nr="55" mi="0" ci="4" mb="0" cb="0"/><line nr="58" mi="0" ci="1" mb="0" cb="0"/><line nr="65" mi="0" ci="2" mb="0" cb="0"/><line nr="66" mi="0" ci="5" mb="2" cb="2"/><line nr="67" mi="0" ci="3" mb="0" cb="0"/><line nr="70" mi="0" ci="1" mb="0" cb="0"/><line nr="72" mi="0" ci="2" mb="0" cb="0"/><line nr="73" mi="0" ci="5" mb="2" cb="2"/><line nr="74" mi="0" ci="3" mb="0" cb="0"/><line nr="76" mi="0" ci="3" mb="0" cb="0"/><line nr="78" mi="0" ci="1" mb="0" cb="0"/><line nr="86" mi="0" ci="3" mb="0" cb="0"/><line nr="94" mi="0" ci="5" mb="2" cb="2"/><line nr="95" mi="0" ci="3" mb="0" cb="0"/><line nr="97" mi="0" ci="1" mb="0" cb="0"/><line nr="109" mi="0" ci="5" mb="1" cb="3"/><line nr="110" mi="0" ci="2" mb="0" cb="0"/><line nr="113" mi="0" ci="11" mb="0" cb="2"/><line nr="114" mi="0" ci="5" mb="0" cb="2"/><line nr="115" mi="0" ci="2" mb="0" cb="0"/><line nr="117" mi="0" ci="1" mb="0" cb="0"/><line nr="118" mi="0" ci="2" mb="0" cb="0"/><line nr="126" mi="0" ci="3" mb="0" cb="0"/><line nr="134" mi="3" ci="0" mb="0" cb="0"/><line nr="135" mi="1" ci="0" mb="0" cb="0"/><line nr="143" mi="0" ci="5" mb="2" cb="2"/><line nr="144" mi="2" ci="0" mb="0" cb="0"/><line nr="146" mi="0" ci="11" mb="1" cb="1"/><line nr="147" mi="0" ci="5" mb="1" cb="1"/><line nr="148" mi="0" ci="2" mb="0" cb="0"/><line nr="150" mi="1" ci="0" mb="0" cb="0"/><line nr="151" mi="2" ci="0" mb="0" cb="0"/><line nr="162" mi="0" ci="10" mb="2" cb="6"/><line nr="163" mi="0" ci="2" mb="0" cb="0"/><line nr="167" mi="0" ci="11" mb="0" cb="2"/><line nr="168" mi="0" ci="5" mb="1" cb="1"/><line nr="169" mi="0" ci="2" mb="0" cb="0"/><line nr="171" mi="1" ci="0" mb="0" cb="0"/><line nr="174" mi="0" ci="9" mb="0" cb="0"/><line nr="175" mi="0" ci="2" mb="0" cb="0"/><line nr="192" mi="0" ci="10" mb="4" cb="4"/><line nr="193" mi="2" ci="0" mb="0" cb="0"/><line nr="195" mi="4" ci="4" mb="3" cb="1"/><line nr="196" mi="2" ci="0" mb="0" cb="0"/><line nr="198" mi="0" ci="11" mb="1" cb="1"/><line nr="199" mi="0" ci="5" mb="1" cb="1"/><line nr="200" mi="0" ci="3" mb="0" cb="0"/><line nr="201" mi="0" ci="2" mb="0" cb="0"/><line nr="203" mi="1" ci="0" mb="0" cb="0"/><line nr="204" mi="2" ci="0" mb="0" cb="0"/><line nr="219" mi="0" ci="10" mb="2" cb="6"/><line nr="220" mi="0" ci="2" mb="0" cb="0"/><line nr="222" mi="0" ci="11" mb="0" cb="2"/><line nr="223" mi="0" ci="5" mb="1" cb="1"/><line nr="224" mi="0" ci="3" mb="0" cb="0"/><line nr="225" mi="0" ci="2" mb="0" cb="0"/><line nr="227" mi="1" ci="0" mb="0" cb="0"/><line nr="228" mi="0" ci="2" mb="0" cb="0"/><line nr="242" mi="0" ci="5" mb="1" cb="3"/><line nr="243" mi="0" ci="2" mb="0" cb="0"/><line nr="245" mi="0" ci="4" mb="0" cb="2"/><line nr="246" mi="0" ci="2" mb="0" cb="0"/><line nr="248" mi="0" ci="11" mb="1" cb="1"/><line nr="249" mi="0" ci="5" mb="1" cb="1"/><line nr="250" mi="0" ci="5" mb="0" cb="0"/><line nr="252" mi="1" ci="0" mb="0" cb="0"/><line nr="253" mi="2" ci="0" mb="0" cb="0"/><line nr="266" mi="4" ci="0" mb="2" cb="0"/><line nr="267" mi="2" ci="0" mb="0" cb="0"/><line nr="270" mi="3" ci="0" mb="0" cb="0"/><line nr="271" mi="2" ci="0" mb="0" cb="0"/><line nr="289" mi="0" ci="5" mb="2" cb="2"/><line nr="290" mi="2" ci="0" mb="0" cb="0"/><line nr="292" mi="0" ci="11" mb="0" cb="2"/><line nr="293" mi="0" ci="5" mb="1" cb="1"/><line nr="294" mi="0" ci="2" mb="0" cb="0"/><line nr="296" mi="1" ci="0" mb="0" cb="0"/><line nr="297" mi="0" ci="2" mb="0" cb="0"/><line nr="306" mi="0" ci="3" mb="0" cb="0"/><line nr="315" mi="3" ci="0" mb="0" cb="0"/><line nr="316" mi="1" ci="0" mb="0" cb="0"/><line nr="325" mi="0" ci="5" mb="2" cb="2"/><line nr="326" mi="2" ci="0" mb="0" cb="0"/><line nr="328" mi="0" ci="11" mb="1" cb="1"/><line nr="329" mi="0" ci="5" mb="1" cb="1"/><line nr="330" mi="0" ci="2" mb="0" cb="0"/><line nr="332" mi="1" ci="0" mb="0" cb="0"/><line nr="333" mi="2" ci="0" mb="0" cb="0"/><line nr="348" mi="0" ci="10" mb="4" cb="4"/><line nr="349" mi="2" ci="0" mb="0" cb="0"/><line nr="351" mi="0" ci="4" mb="1" cb="1"/><line nr="352" mi="2" ci="0" mb="0" cb="0"/><line nr="354" mi="0" ci="9" mb="0" cb="0"/><line nr="370" mi="0" ci="10" mb="3" cb="5"/><line nr="371" mi="0" ci="2" mb="0" cb="0"/><line nr="373" mi="4" ci="4" mb="3" cb="1"/><line nr="374" mi="2" ci="0" mb="0" cb="0"/><line nr="376" mi="0" ci="11" mb="1" cb="1"/><line nr="377" mi="0" ci="5" mb="1" cb="1"/><line nr="378" mi="0" ci="3" mb="0" cb="0"/><line nr="379" mi="0" ci="2" mb="0" cb="0"/><line nr="381" mi="1" ci="0" mb="0" cb="0"/><line nr="382" mi="2" ci="0" mb="0" cb="0"/><line nr="397" mi="0" ci="10" mb="2" cb="6"/><line nr="398" mi="0" ci="2" mb="0" cb="0"/><line nr="400" mi="0" ci="11" mb="0" cb="2"/><line nr="401" mi="0" ci="5" mb="1" cb="1"/><line nr="402" mi="0" ci="3" mb="0" cb="0"/><line nr="403" mi="0" ci="2" mb="0" cb="0"/><line nr="405" mi="1" ci="0" mb="0" cb="0"/><line nr="406" mi="0" ci="2" mb="0" cb="0"/><line nr="420" mi="0" ci="5" mb="2" cb="2"/><line nr="421" mi="2" ci="0" mb="0" cb="0"/><line nr="423" mi="0" ci="11" mb="0" cb="2"/><line nr="424" mi="0" ci="5" mb="1" cb="1"/><line nr="425" mi="0" ci="5" mb="0" cb="0"/><line nr="427" mi="1" ci="0" mb="0" cb="0"/><line nr="428" mi="0" ci="2" mb="0" cb="0"/><line nr="441" mi="4" ci="0" mb="2" cb="0"/><line nr="442" mi="2" ci="0" mb="0" cb="0"/><line nr="445" mi="3" ci="0" mb="0" cb="0"/><line nr="446" mi="2" ci="0" mb="0" cb="0"/><line nr="465" mi="0" ci="4" mb="0" cb="0"/><line nr="466" mi="0" ci="2" mb="0" cb="2"/><line nr="467" mi="0" ci="5" mb="0" cb="0"/><line nr="469" mi="0" ci="2" mb="0" cb="0"/><line nr="473" mi="4" ci="0" mb="0" cb="0"/><line nr="474" mi="2" ci="0" mb="2" cb="0"/><line nr="475" mi="5" ci="0" mb="0" cb="0"/><line nr="477" mi="2" ci="0" mb="0" cb="0"/><line nr="493" mi="0" ci="4" mb="0" cb="0"/><line nr="494" mi="0" ci="2" mb="0" cb="2"/><line nr="495" mi="0" ci="4" mb="0" cb="0"/><line nr="497" mi="0" ci="2" mb="0" cb="0"/><line nr="504" mi="0" ci="11" mb="0" cb="2"/><line nr="505" mi="0" ci="5" mb="0" cb="2"/><line nr="506" mi="0" ci="2" mb="0" cb="0"/><line nr="508" mi="0" ci="1" mb="0" cb="0"/><line nr="509" mi="0" ci="2" mb="0" cb="0"/><line nr="526" mi="11" ci="0" mb="2" cb="0"/><line nr="527" mi="5" ci="0" mb="2" cb="0"/><line nr="528" mi="5" ci="0" mb="0" cb="0"/><line nr="530" mi="1" ci="0" mb="0" cb="0"/><line nr="531" mi="2" ci="0" mb="0" cb="0"/><line nr="545" mi="0" ci="11" mb="0" cb="2"/><line nr="546" mi="0" ci="5" mb="0" cb="2"/><line nr="547" mi="0" ci="3" mb="0" cb="0"/><line nr="549" mi="0" ci="1" mb="0" cb="0"/><line nr="550" mi="0" ci="2" mb="0" cb="0"/><line nr="559" mi="4" ci="0" mb="0" cb="0"/><line nr="568" mi="4" ci="0" mb="0" cb="0"/><line nr="579" mi="4" ci="0" mb="0" cb="0"/><line nr="580" mi="9" ci="0" mb="0" cb="0"/><line nr="582" mi="4" ci="0" mb="2" cb="0"/><line nr="583" mi="5" ci="0" mb="0" cb="0"/><line nr="585" mi="11" ci="0" mb="2" cb="0"/><line nr="586" mi="14" ci="0" mb="0" cb="0"/><line nr="587" mi="1" ci="0" mb="0" cb="0"/><line nr="590" mi="4" ci="0" mb="0" cb="0"/><line nr="591" mi="4" ci="0" mb="2" cb="0"/><line nr="592" mi="5" ci="0" mb="0" cb="0"/><line nr="594" mi="11" ci="0" mb="2" cb="0"/><line nr="595" mi="14" ci="0" mb="0" cb="0"/><line nr="596" mi="3" ci="0" mb="0" cb="0"/><line nr="597" mi="8" ci="0" mb="2" cb="0"/><line nr="598" mi="5" ci="0" mb="0" cb="0"/><line nr="599" mi="10" ci="0" mb="0" cb="0"/><line nr="600" mi="6" ci="0" mb="2" cb="0"/><line nr="601" mi="4" ci="0" mb="0" cb="0"/><line nr="604" mi="4" ci="0" mb="0" cb="0"/><line nr="605" mi="1" ci="0" mb="0" cb="0"/><line nr="608" mi="3" ci="0" mb="0" cb="0"/><counter type="INSTRUCTION" missed="251" covered="594"/><counter type="BRANCH" missed="79" covered="105"/><counter type="LINE" missed="68" covered="126"/><counter type="COMPLEXITY" missed="75" covered="50"/><counter type="METHOD" missed="9" covered="24"/><counter type="CLASS" missed="0" covered="1"/></sourcefile><sourcefile name="Field.java"><line nr="12" mi="0" ci="4" mb="0" cb="0"/><line nr="13" mi="0" ci="1" mb="0" cb="0"/><line nr="19" mi="0" ci="2" mb="0" cb="0"/><line nr="20" mi="0" ci="2" mb="0" cb="0"/><line nr="21" mi="0" ci="2" mb="0" cb="0"/><counter type="INSTRUCTION" missed="0" covered="11"/><counter type="LINE" missed="0" covered="5"/><counter type="COMPLEXITY" missed="0" covered="2"/><counter type="METHOD" missed="0" covered="2"/><counter type="CLASS" missed="0" covered="1"/></sourcefile><sourcefile name="Memento.java"><line nr="6" mi="0" ci="10" mb="0" cb="0"/><line nr="7" mi="0" ci="10" mb="0" cb="0"/><line nr="9" mi="0" ci="2" mb="0" cb="0"/><line nr="10" mi="0" ci="1" mb="0" cb="0"/><line nr="13" mi="0" ci="2" mb="0" cb="0"/><line nr="14" mi="0" ci="10" mb="0" cb="2"/><line nr="16" mi="0" ci="5" mb="0" cb="0"/><line nr="17" mi="0" ci="5" mb="0" cb="0"/><line nr="18" mi="0" ci="1" mb="0" cb="0"/><line nr="19" mi="0" ci="10" mb="0" cb="2"/><line nr="21" mi="0" ci="5" mb="0" cb="0"/><line nr="22" mi="0" ci="5" mb="0" cb="0"/><line nr="23" mi="0" ci="1" mb="0" cb="0"/><line nr="25" mi="0" ci="1" mb="0" cb="0"/><line nr="29" mi="0" ci="3" mb="0" cb="0"/><line nr="34" mi="0" ci="3" mb="0" cb="0"/><line nr="39" mi="0" ci="2" mb="1" cb="1"/><line nr="41" mi="0" ci="4" mb="0" cb="0"/><line nr="42" mi="0" ci="2" mb="0" cb="0"/><line nr="44" mi="2" ci="0" mb="0" cb="0"/><line nr="49" mi="0" ci="4" mb="1" cb="1"/><line nr="50" mi="2" ci="0" mb="0" cb="0"/><line nr="51" mi="0" ci="8" mb="0" cb="0"/><line nr="52" mi="0" ci="2" mb="0" cb="0"/><line nr="57" mi="0" ci="4" mb="0" cb="2"/><line nr="58" mi="0" ci="2" mb="0" cb="0"/><line nr="59" mi="0" ci="8" mb="0" cb="0"/><line nr="60" mi="0" ci="4" mb="0" cb="0"/><line nr="61" mi="0" ci="2" mb="0" cb="0"/><line nr="66" mi="0" ci="4" mb="0" cb="0"/><line nr="67" mi="0" ci="1" mb="0" cb="0"/><line nr="71" mi="0" ci="4" mb="0" cb="0"/><line nr="72" mi="0" ci="1" mb="0" cb="0"/><line nr="76" mi="3" ci="0" mb="0" cb="0"/><line nr="77" mi="3" ci="0" mb="0" cb="0"/><line nr="78" mi="1" ci="0" mb="0" cb="0"/><line nr="82" mi="0" ci="3" mb="0" cb="0"/><line nr="83" mi="0" ci="1" mb="0" cb="0"/><counter type="INSTRUCTION" missed="11" covered="130"/><counter type="BRANCH" missed="2" covered="8"/><counter type="LINE" missed="5" covered="33"/><counter type="COMPLEXITY" missed="3" covered="13"/><counter type="METHOD" missed="1" covered="10"/><counter type="CLASS" missed="0" covered="1"/></sourcefile><counter type="INSTRUCTION" missed="479" covered="1991"/><counter type="BRANCH" missed="141" covered="237"/><counter type="LINE" missed="147" covered="468"/><counter type="COMPLEXITY" missed="146" covered="168"/><counter type="METHOD" missed="23" covered="99"/><counter type="CLASS" missed="0" covered="8"/></package><package name="com/classuml/View"><class name="com/classuml/View/guiView$ArrowAggregationBuidler" sourcefilename="guiView.java"><method name="&lt;init&gt;" desc="(Lcom/classuml/View/guiView;)V" line="209"><counter type="INSTRUCTION" missed="6" covered="0"/><counter type="LINE" missed="1" covered="0"/><counter type="COMPLEXITY" missed="1" covered="0"/><counter type="METHOD" missed="1" covered="0"/></method><method name="drawArrowBody" desc="(Ljava/awt/Graphics;IIIIZZZ)V" line="211"><counter type="INSTRUCTION" missed="77" covered="0"/><counter type="BRANCH" missed="6" covered="0"/><counter type="LINE" missed="13" covered="0"/><counter type="COMPLEXITY" missed="4" covered="0"/><counter type="METHOD" missed="1" covered="0"/></method><method name="drawArrowHead" desc="(Ljava/awt/Graphics;IIZZZ)V" line="228"><counter type="INSTRUCTION" missed="186" covered="0"/><counter type="BRANCH" missed="6" covered="0"/><counter type="LINE" missed="20" covered="0"/><counter type="COMPLEXITY" missed="4" covered="0"/><counter type="METHOD" missed="1" covered="0"/></method><counter type="INSTRUCTION" missed="269" covered="0"/><counter type="BRANCH" missed="12" covered="0"/><counter type="LINE" missed="34" covered="0"/><counter type="COMPLEXITY" missed="9" covered="0"/><counter type="METHOD" missed="3" covered="0"/><counter type="CLASS" missed="1" covered="0"/></class><class name="com/classuml/View/guiView$1" sourcefilename="guiView.java"><method name="&lt;init&gt;" desc="(Lcom/classuml/View/guiView;)V" line="419"><counter type="INSTRUCTION" missed="6" covered="0"/><counter type="LINE" missed="1" covered="0"/><counter type="COMPLEXITY" missed="1" covered="0"/><counter type="METHOD" missed="1" covered="0"/></method><method name="mousePressed" desc="(Ljava/awt/event/MouseEvent;)V" line="422"><counter type="INSTRUCTION" missed="6" covered="0"/><counter type="LINE" missed="2" covered="0"/><counter type="COMPLEXITY" missed="1" covered="0"/><counter type="METHOD" missed="1" covered="0"/></method><method name="mouseReleased" desc="(Ljava/awt/event/MouseEvent;)V" line="427"><counter type="INSTRUCTION" missed="5" covered="0"/><counter type="LINE" missed="2" covered="0"/><counter type="COMPLEXITY" missed="1" covered="0"/><counter type="METHOD" missed="1" covered="0"/></method><counter type="INSTRUCTION" missed="17" covered="0"/><counter type="LINE" missed="5" covered="0"/><counter type="COMPLEXITY" missed="3" covered="0"/><counter type="METHOD" missed="3" covered="0"/><counter type="CLASS" missed="1" covered="0"/></class><class name="com/classuml/View/guiView$2" sourcefilename="guiView.java"><method name="&lt;init&gt;" desc="(Lcom/classuml/View/guiView;)V" line="431"><counter type="INSTRUCTION" missed="6" covered="0"/><counter type="LINE" missed="1" covered="0"/><counter type="COMPLEXITY" missed="1" covered="0"/><counter type="METHOD" missed="1" covered="0"/></method><method name="mouseDragged" desc="(Ljava/awt/event/MouseEvent;)V" line="434"><counter type="INSTRUCTION" missed="5" covered="0"/><counter type="LINE" missed="2" covered="0"/><counter type="COMPLEXITY" missed="1" covered="0"/><counter type="METHOD" missed="1" covered="0"/></method><method name="mouseMoved" desc="(Ljava/awt/event/MouseEvent;)V" line="440"><counter type="INSTRUCTION" missed="1" covered="0"/><counter type="LINE" missed="1" covered="0"/><counter type="COMPLEXITY" missed="1" covered="0"/><counter type="METHOD" missed="1" covered="0"/></method><counter type="INSTRUCTION" missed="12" covered="0"/><counter type="LINE" missed="4" covered="0"/><counter type="COMPLEXITY" missed="3" covered="0"/><counter type="METHOD" missed="3" covered="0"/><counter type="CLASS" missed="1" covered="0"/></class><class name="com/classuml/View/guiView$ArrowCompositionBuidler" sourcefilename="guiView.java"><method name="&lt;init&gt;" desc="(Lcom/classuml/View/guiView;)V" line="153"><counter type="INSTRUCTION" missed="6" covered="0"/><counter type="LINE" missed="1" covered="0"/><counter type="COMPLEXITY" missed="1" covered="0"/><counter type="METHOD" missed="1" covered="0"/></method><method name="drawArrowBody" desc="(Ljava/awt/Graphics;IIIIZZZ)V" line="155"><counter type="INSTRUCTION" missed="74" covered="0"/><counter type="BRANCH" missed="6" covered="0"/><counter type="LINE" missed="12" covered="0"/><counter type="COMPLEXITY" missed="4" covered="0"/><counter type="METHOD" missed="1" covered="0"/></method><method name="drawArrowHead" desc="(Ljava/awt/Graphics;IIZZZ)V" line="170"><counter type="INSTRUCTION" missed="214" covered="0"/><counter type="BRANCH" missed="6" covered="0"/><counter type="LINE" missed="24" covered="0"/><counter type="COMPLEXITY" missed="4" covered="0"/><counter type="METHOD" missed="1" covered="0"/></method><method name="arrrowHeadFill" desc="(Ljava/awt/Graphics;IIZ)V" line="198"><counter type="INSTRUCTION" missed="126" covered="0"/><counter type="BRANCH" missed="2" covered="0"/><counter type="LINE" missed="9" covered="0"/><counter type="COMPLEXITY" missed="2" covered="0"/><counter type="METHOD" missed="1" covered="0"/></method><counter type="INSTRUCTION" missed="420" covered="0"/><counter type="BRANCH" missed="14" covered="0"/><counter type="LINE" missed="46" covered="0"/><counter type="COMPLEXITY" missed="11" covered="0"/><counter type="METHOD" missed="4" covered="0"/><counter type="CLASS" missed="1" covered="0"/></class><class name="com/classuml/View/guiView$ArrowInheritanceBuidler" sourcefilename="guiView.java"><method name="&lt;init&gt;" desc="(Lcom/classuml/View/guiView;)V" line="67"><counter type="INSTRUCTION" missed="6" covered="0"/><counter type="LINE" missed="1" covered="0"/><counter type="COMPLEXITY" missed="1" covered="0"/><counter type="METHOD" missed="1" covered="0"/></method><method name="drawArrowBody" desc="(Ljava/awt/Graphics;IIIIZZZ)V" line="69"><counter type="INSTRUCTION" missed="74" covered="0"/><counter type="BRANCH" missed="6" covered="0"/><counter type="LINE" missed="12" covered="0"/><counter type="COMPLEXITY" missed="4" covered="0"/><counter type="METHOD" missed="1" covered="0"/></method><method name="drawArrowHead" desc="(Ljava/awt/Graphics;IIZZZ)V" line="84"><counter type="INSTRUCTION" missed="186" covered="0"/><counter type="BRANCH" missed="6" covered="0"/><counter type="LINE" missed="20" covered="0"/><counter type="COMPLEXITY" missed="4" covered="0"/><counter type="METHOD" missed="1" covered="0"/></method><counter type="INSTRUCTION" missed="266" covered="0"/><counter type="BRANCH" missed="12" covered="0"/><counter type="LINE" missed="33" covered="0"/><counter type="COMPLEXITY" missed="9" covered="0"/><counter type="METHOD" missed="3" covered="0"/><counter type="CLASS" missed="1" covered="0"/></class><class name="com/classuml/View/guiView" sourcefilename="guiView.java"><method name="&lt;init&gt;" desc="(Ljava/util/List;Ljava/util/List;)V" line="27"><counter type="INSTRUCTION" missed="14" covered="0"/><counter type="LINE" missed="6" covered="0"/><counter type="COMPLEXITY" missed="1" covered="0"/><counter type="METHOD" missed="1" covered="0"/></method><method name="updateContents" desc="(Ljava/util/List;Ljava/util/List;)V" line="57"><counter type="INSTRUCTION" missed="11" covered="0"/><counter type="LINE" missed="5" covered="0"/><counter type="COMPLEXITY" missed="1" covered="0"/><counter type="METHOD" missed="1" covered="0"/></method><method name="paintComponent" desc="(Ljava/awt/Graphics;)V" line="255"><counter type="INSTRUCTION" missed="27" covered="0"/><counter type="BRANCH" missed="2" covered="0"/><counter type="LINE" missed="7" covered="0"/><counter type="COMPLEXITY" missed="2" covered="0"/><counter type="METHOD" missed="1" covered="0"/></method><method name="drawArrows" desc="(Ljava/awt/Graphics;)V" line="264"><counter type="INSTRUCTION" missed="845" covered="0"/><counter type="BRANCH" missed="62" covered="0"/><counter type="LINE" missed="67" covered="0"/><counter type="COMPLEXITY" missed="32" covered="0"/><counter type="METHOD" missed="1" covered="0"/></method><method name="lineEquation" desc="(Lcom/classuml/Model/Relationship;)Ljavafx/util/Pair;" line="384"><counter type="INSTRUCTION" missed="53" covered="0"/><counter type="LINE" missed="5" covered="0"/><counter type="COMPLEXITY" missed="1" covered="0"/><counter type="METHOD" missed="1" covered="0"/></method><method name="getClassesMidPoints" desc="(Lcom/classuml/Model/Relationship;)[Ljava/awt/Point;" line="393"><counter type="INSTRUCTION" missed="91" covered="0"/><counter type="BRANCH" missed="10" covered="0"/><counter type="LINE" missed="14" covered="0"/><counter type="COMPLEXITY" missed="6" covered="0"/><counter type="METHOD" missed="1" covered="0"/></method><method name="initComponent" desc="()V" line="418"><counter type="INSTRUCTION" missed="16" covered="0"/><counter type="LINE" missed="4" covered="0"/><counter type="COMPLEXITY" missed="1" covered="0"/><counter type="METHOD" missed="1" covered="0"/></method><method name="prepareForDrawing" desc="(Ljava/awt/Graphics;Lcom/classuml/Model/UMLClass;)V" line="451"><counter type="INSTRUCTION" missed="8" covered="0"/><counter type="LINE" missed="3" covered="0"/><counter type="COMPLEXITY" missed="1" covered="0"/><counter type="METHOD" missed="1" covered="0"/></method><method name="cacheMetrics" desc="(Lcom/classuml/Model/UMLClass;)V" line="460"><counter type="INSTRUCTION" missed="9" covered="0"/><counter type="BRANCH" missed="2" covered="0"/><counter type="LINE" missed="3" covered="0"/><counter type="COMPLEXITY" missed="2" covered="0"/><counter type="METHOD" missed="1" covered="0"/>
[...]
0"/><line nr="994" mi="3" ci="0" mb="0" cb="0"/><line nr="995" mi="5" ci="0" mb="0" cb="0"/><line nr="996" mi="6" ci="0" mb="0" cb="0"/><line nr="997" mi="5" ci="0" mb="0" cb="0"/><line nr="998" mi="9" ci="0" mb="0" cb="0"/><line nr="999" mi="5" ci="0" mb="0" cb="0"/><line nr="1001" mi="20" ci="0" mb="0" cb="0"/><line nr="1003" mi="8" ci="0" mb="0" cb="0"/><line nr="1004" mi="3" ci="0" mb="0" cb="0"/><line nr="1005" mi="16" ci="0" mb="2" cb="0"/><line nr="1006" mi="4" ci="0" mb="0" cb="0"/><line nr="1008" mi="1" ci="0" mb="0" cb="0"/><line nr="1011" mi="24" ci="0" mb="0" cb="0"/><line nr="1013" mi="4" ci="0" mb="2" cb="0"/><line nr="1014" mi="12" ci="0" mb="0" cb="0"/><line nr="1015" mi="3" ci="0" mb="0" cb="0"/><line nr="1016" mi="16" ci="0" mb="2" cb="0"/><line nr="1017" mi="4" ci="0" mb="0" cb="0"/><line nr="1020" mi="1" ci="0" mb="0" cb="0"/><line nr="1023" mi="7" ci="0" mb="0" cb="0"/><line nr="1024" mi="4" ci="0" mb="0" cb="0"/><line nr="1025" mi="7" ci="0" mb="0" cb="0"/><line nr="1026" mi="4" ci="0" mb="0" cb="0"/><line nr="1027" mi="7" ci="0" mb="0" cb="0"/><line nr="1028" mi="4" ci="0" mb="0" cb="0"/><line nr="1030" mi="2" ci="0" mb="0" cb="0"/><line nr="1031" mi="6" ci="0" mb="0" cb="0"/><line nr="1033" mi="11" ci="0" mb="8" cb="0"/><line nr="1034" mi="4" ci="0" mb="0" cb="0"/><line nr="1035" mi="10" ci="0" mb="0" cb="0"/><line nr="1036" mi="2" ci="0" mb="2" cb="0"/><line nr="1037" mi="3" ci="0" mb="0" cb="0"/><line nr="1041" mi="5" ci="0" mb="0" cb="0"/><line nr="1044" mi="1" ci="0" mb="0" cb="0"/><line nr="1047" mi="3" ci="0" mb="0" cb="0"/><line nr="1048" mi="5" ci="0" mb="0" cb="0"/><line nr="1049" mi="4" ci="0" mb="0" cb="0"/><line nr="1050" mi="4" ci="0" mb="0" cb="0"/><line nr="1051" mi="4" ci="0" mb="0" cb="0"/><line nr="1052" mi="7" ci="0" mb="0" cb="0"/><line nr="1053" mi="7" ci="0" mb="0" cb="0"/><line nr="1054" mi="4" ci="0" mb="0" cb="0"/><line nr="1055" mi="7" ci="0" mb="0" cb="0"/><line nr="1056" mi="4" ci="0" mb="0" cb="0"/><line nr="1057" mi="7" ci="0" mb="0" cb="0"/><line nr="1058" mi="4" ci="0" mb="0" cb="0"/><line nr="1060" mi="2" ci="0" mb="0" cb="0"/><line nr="1061" mi="6" ci="0" mb="0" cb="0"/><line nr="1063" mi="11" ci="0" mb="8" cb="0"/><line nr="1064" mi="4" ci="0" mb="0" cb="0"/><line nr="1065" mi="3" ci="0" mb="0" cb="0"/><line nr="1066" mi="3" ci="0" mb="0" cb="0"/><line nr="1068" mi="7" ci="0" mb="2" cb="0"/><line nr="1069" mi="4" ci="0" mb="0" cb="0"/><line nr="1070" mi="7" ci="0" mb="0" cb="0"/><line nr="1071" mi="4" ci="0" mb="0" cb="0"/><line nr="1072" mi="6" ci="0" mb="0" cb="0"/><line nr="1073" mi="7" ci="0" mb="0" cb="0"/><line nr="1074" mi="4" ci="0" mb="0" cb="0"/><line nr="1075" mi="7" ci="0" mb="0" cb="0"/><line nr="1076" mi="4" ci="0" mb="0" cb="0"/><line nr="1078" mi="9" ci="0" mb="0" cb="0"/><line nr="1080" mi="5" ci="0" mb="4" cb="0"/><line nr="1081" mi="5" ci="0" mb="0" cb="0"/><line nr="1082" mi="7" ci="0" mb="0" cb="0"/><line nr="1084" mi="1" ci="0" mb="0" cb="0"/><line nr="1088" mi="10" ci="0" mb="0" cb="0"/><line nr="1089" mi="2" ci="0" mb="0" cb="0"/><line nr="1091" mi="1" ci="0" mb="0" cb="0"/><line nr="1095" mi="7" ci="0" mb="0" cb="0"/><line nr="1096" mi="4" ci="0" mb="0" cb="0"/><line nr="1097" mi="2" ci="0" mb="0" cb="0"/><line nr="1098" mi="10" ci="0" mb="2" cb="0"/><line nr="1099" mi="5" ci="0" mb="0" cb="0"/><line nr="1100" mi="1" ci="0" mb="0" cb="0"/><line nr="1101" mi="1" ci="0" mb="0" cb="0"/><line nr="1102" mi="2" ci="0" mb="0" cb="0"/><line nr="1117" mi="4" ci="0" mb="0" cb="0"/><line nr="1118" mi="7" ci="0" mb="0" cb="0"/><line nr="1119" mi="3" ci="0" mb="0" cb="0"/><line nr="1120" mi="5" ci="0" mb="0" cb="0"/><line nr="1121" mi="5" ci="0" mb="0" cb="0"/><line nr="1122" mi="4" ci="0" mb="0" cb="0"/><line nr="1124" mi="3" ci="0" mb="0" cb="0"/><line nr="1125" mi="3" ci="0" mb="0" cb="0"/><line nr="1126" mi="3" ci="0" mb="0" cb="0"/><line nr="1127" mi="3" ci="0" mb="0" cb="0"/><line nr="1128" mi="3" ci="0" mb="0" cb="0"/><line nr="1130" mi="20" ci="0" mb="0" cb="0"/><line nr="1132" mi="4" ci="0" mb="0" cb="0"/><line nr="1133" mi="3" ci="0" mb="0" cb="0"/><line nr="1134" mi="16" ci="0" mb="2" cb="0"/><line nr="1135" mi="7" ci="0" mb="2" cb="0"/><line nr="1136" mi="4" ci="0" mb="0" cb="0"/><line nr="1139" mi="1" ci="0" mb="0" cb="0"/><line nr="1142" mi="7" ci="0" mb="0" cb="0"/><line nr="1143" mi="4" ci="0" mb="0" cb="0"/><line nr="1144" mi="7" ci="0" mb="0" cb="0"/><line nr="1145" mi="4" ci="0" mb="0" cb="0"/><line nr="1146" mi="7" ci="0" mb="0" cb="0"/><line nr="1147" mi="4" ci="0" mb="0" cb="0"/><line nr="1149" mi="2" ci="0" mb="0" cb="0"/><line nr="1150" mi="6" ci="0" mb="0" cb="0"/><line nr="1152" mi="4" ci="0" mb="0" cb="0"/><line nr="1153" mi="4" ci="0" mb="0" cb="0"/><line nr="1155" mi="11" ci="0" mb="8" cb="0"/><line nr="1157" mi="7" ci="0" mb="4" cb="0"/><line nr="1158" mi="9" ci="0" mb="0" cb="0"/><line nr="1159" mi="2" ci="0" mb="2" cb="0"/><line nr="1160" mi="3" ci="0" mb="0" cb="0"/><line nr="1163" mi="5" ci="0" mb="0" cb="0"/><line nr="1166" mi="1" ci="0" mb="0" cb="0"/><line nr="1167" mi="5" ci="0" mb="0" cb="0"/><line nr="1171" mi="1" ci="0" mb="0" cb="0"/><line nr="1172" mi="5" ci="0" mb="0" cb="0"/><line nr="1174" mi="2" ci="0" mb="0" cb="0"/><line nr="1176" mi="5" ci="0" mb="0" cb="0"/><line nr="1179" mi="1" ci="0" mb="0" cb="0"/><line nr="1189" mi="4" ci="0" mb="0" cb="0"/><line nr="1190" mi="7" ci="0" mb="0" cb="0"/><line nr="1191" mi="3" ci="0" mb="0" cb="0"/><line nr="1192" mi="4" ci="0" mb="0" cb="0"/><line nr="1194" mi="10" ci="0" mb="2" cb="0"/><line nr="1195" mi="3" ci="0" mb="0" cb="0"/><line nr="1196" mi="1" ci="0" mb="0" cb="0"/><line nr="1198" mi="7" ci="0" mb="0" cb="0"/><line nr="1199" mi="4" ci="0" mb="0" cb="0"/><line nr="1201" mi="2" ci="0" mb="0" cb="0"/><line nr="1202" mi="6" ci="0" mb="0" cb="0"/><line nr="1204" mi="4" ci="0" mb="0" cb="0"/><line nr="1205" mi="3" ci="0" mb="0" cb="0"/><line nr="1206" mi="3" ci="0" mb="0" cb="0"/><line nr="1208" mi="5" ci="0" mb="4" cb="0"/><line nr="1211" mi="5" ci="0" mb="0" cb="0"/><line nr="1214" mi="2" ci="0" mb="2" cb="0"/><line nr="1216" mi="3" ci="0" mb="0" cb="0"/><line nr="1221" mi="5" ci="0" mb="0" cb="0"/><line nr="1224" mi="1" ci="0" mb="0" cb="0"/><line nr="1226" mi="3" ci="0" mb="0" cb="0"/><line nr="1227" mi="4" ci="0" mb="0" cb="0"/><line nr="1229" mi="1" ci="0" mb="0" cb="0"/><line nr="1231" mi="1" ci="0" mb="0" cb="0"/><line nr="1241" mi="4" ci="0" mb="0" cb="0"/><line nr="1242" mi="7" ci="0" mb="0" cb="0"/><line nr="1244" mi="3" ci="0" mb="0" cb="0"/><line nr="1245" mi="4" ci="0" mb="0" cb="0"/><line nr="1246" mi="4" ci="0" mb="0" cb="0"/><line nr="1248" mi="3" ci="0" mb="0" cb="0"/><line nr="1249" mi="3" ci="0" mb="0" cb="0"/><line nr="1250" mi="3" ci="0" mb="0" cb="0"/><line nr="1251" mi="3" ci="0" mb="0" cb="0"/><line nr="1253" mi="10" ci="0" mb="2" cb="0"/><line nr="1254" mi="3" ci="0" mb="0" cb="0"/><line nr="1255" mi="1" ci="0" mb="0" cb="0"/><line nr="1256" mi="4" ci="0" mb="0" cb="0"/><line nr="1257" mi="6" ci="0" mb="0" cb="0"/><line nr="1259" mi="20" ci="0" mb="0" cb="0"/><line nr="1261" mi="5" ci="0" mb="0" cb="0"/><line nr="1262" mi="7" ci="0" mb="0" cb="0"/><line nr="1263" mi="1" ci="0" mb="0" cb="0"/><line nr="1266" mi="7" ci="0" mb="0" cb="0"/><line nr="1267" mi="4" ci="0" mb="0" cb="0"/><line nr="1268" mi="7" ci="0" mb="0" cb="0"/><line nr="1269" mi="4" ci="0" mb="0" cb="0"/><line nr="1273" mi="2" ci="0" mb="0" cb="0"/><line nr="1274" mi="6" ci="0" mb="0" cb="0"/><line nr="1277" mi="3" ci="0" mb="0" cb="0"/><line nr="1278" mi="3" ci="0" mb="0" cb="0"/><line nr="1281" mi="12" ci="0" mb="8" cb="0"/><line nr="1282" mi="9" ci="0" mb="0" cb="0"/><line nr="1283" mi="2" ci="0" mb="2" cb="0"/><line nr="1284" mi="3" ci="0" mb="0" cb="0"/><line nr="1287" mi="5" ci="0" mb="0" cb="0"/><line nr="1290" mi="1" ci="0" mb="0" cb="0"/><line nr="1291" mi="5" ci="0" mb="0" cb="0"/><line nr="1294" mi="1" ci="0" mb="0" cb="0"/><line nr="1295" mi="5" ci="0" mb="0" cb="0"/><line nr="1297" mi="1" ci="0" mb="0" cb="0"/><line nr="1298" mi="7" ci="0" mb="0" cb="0"/><line nr="1300" mi="2" ci="0" mb="0" cb="0"/><line nr="1301" mi="1" ci="0" mb="0" cb="0"/><line nr="1315" mi="4" ci="0" mb="0" cb="0"/><line nr="1316" mi="7" ci="0" mb="0" cb="0"/><line nr="1317" mi="3" ci="0" mb="0" cb="0"/><line nr="1318" mi="5" ci="0" mb="0" cb="0"/><line nr="1320" mi="7" ci="0" mb="0" cb="0"/><line nr="1321" mi="4" ci="0" mb="0" cb="0"/><line nr="1323" mi="2" ci="0" mb="0" cb="0"/><line nr="1324" mi="6" ci="0" mb="0" cb="0"/><line nr="1326" mi="5" ci="0" mb="4" cb="0"/><line nr="1327" mi="6" ci="0" mb="0" cb="0"/><line nr="1328" mi="2" ci="0" mb="2" cb="0"/><line nr="1329" mi="7" ci="0" mb="0" cb="0"/><line nr="1331" mi="8" ci="0" mb="0" cb="0"/><line nr="1334" mi="1" ci="0" mb="0" cb="0"/><line nr="1342" mi="3" ci="0" mb="0" cb="0"/><line nr="1343" mi="5" ci="0" mb="0" cb="0"/><line nr="1344" mi="10" ci="0" mb="2" cb="0"/><line nr="1345" mi="7" ci="0" mb="0" cb="0"/><line nr="1346" mi="1" ci="0" mb="0" cb="0"/><line nr="1347" mi="6" ci="0" mb="0" cb="0"/><line nr="1348" mi="1" ci="0" mb="0" cb="0"/><line nr="1356" mi="3" ci="0" mb="0" cb="0"/><line nr="1357" mi="5" ci="0" mb="0" cb="0"/><line nr="1358" mi="10" ci="0" mb="2" cb="0"/><line nr="1359" mi="7" ci="0" mb="0" cb="0"/><line nr="1360" mi="1" ci="0" mb="0" cb="0"/><line nr="1361" mi="6" ci="0" mb="0" cb="0"/><line nr="1362" mi="1" ci="0" mb="0" cb="0"/><line nr="1365" mi="3" ci="0" mb="0" cb="0"/><line nr="1367" mi="1" ci="0" mb="0" cb="0"/><line nr="1370" mi="3" ci="0" mb="0" cb="0"/><line nr="1372" mi="1" ci="0" mb="0" cb="0"/><line nr="1375" mi="11" ci="0" mb="0" cb="0"/><line nr="1376" mi="3" ci="0" mb="0" cb="0"/><line nr="1377" mi="4" ci="0" mb="0" cb="0"/><line nr="1379" mi="8" ci="0" mb="2" cb="0"/><line nr="1382" mi="1" ci="0" mb="0" cb="0"/><line nr="1383" mi="2" ci="0" mb="0" cb="0"/><line nr="1384" mi="1" ci="0" mb="0" cb="0"/><line nr="1385" mi="1" ci="0" mb="0" cb="0"/><line nr="1399" mi="4" ci="0" mb="0" cb="0"/><line nr="1400" mi="11" ci="0" mb="0" cb="0"/><line nr="1401" mi="3" ci="0" mb="0" cb="0"/><line nr="1402" mi="4" ci="0" mb="0" cb="0"/><line nr="1403" mi="2" ci="0" mb="2" cb="0"/><line nr="1404" mi="3" ci="0" mb="0" cb="0"/><line nr="1405" mi="3" ci="0" mb="0" cb="0"/><line nr="1406" mi="6" ci="0" mb="0" cb="0"/><line nr="1407" mi="5" ci="0" mb="0" cb="0"/><line nr="1408" mi="4" ci="0" mb="0" cb="0"/><line nr="1411" mi="4" ci="0" mb="0" cb="0"/><line nr="1412" mi="11" ci="0" mb="2" cb="0"/><line nr="1413" mi="4" ci="0" mb="0" cb="0"/><line nr="1414" mi="5" ci="0" mb="0" cb="0"/><line nr="1417" mi="3" ci="0" mb="0" cb="0"/><line nr="1418" mi="4" ci="0" mb="0" cb="0"/><line nr="1419" mi="6" ci="0" mb="0" cb="0"/><line nr="1420" mi="6" ci="0" mb="0" cb="0"/><line nr="1421" mi="4" ci="0" mb="0" cb="0"/><line nr="1424" mi="4" ci="0" mb="0" cb="0"/><line nr="1425" mi="11" ci="0" mb="2" cb="0"/><line nr="1426" mi="4" ci="0" mb="0" cb="0"/><line nr="1427" mi="5" ci="0" mb="0" cb="0"/><line nr="1428" mi="5" ci="0" mb="0" cb="0"/><line nr="1429" mi="3" ci="0" mb="0" cb="0"/><line nr="1430" mi="1" ci="0" mb="0" cb="0"/><line nr="1431" mi="4" ci="0" mb="0" cb="0"/><line nr="1434" mi="4" ci="0" mb="0" cb="0"/><line nr="1435" mi="11" ci="0" mb="2" cb="0"/><line nr="1436" mi="4" ci="0" mb="0" cb="0"/><line nr="1437" mi="5" ci="0" mb="0" cb="0"/><line nr="1438" mi="5" ci="0" mb="0" cb="0"/><line nr="1441" mi="4" ci="0" mb="0" cb="0"/><line nr="1442" mi="11" ci="0" mb="2" cb="0"/><line nr="1443" mi="4" ci="0" mb="0" cb="0"/><line nr="1444" mi="5" ci="0" mb="0" cb="0"/><line nr="1445" mi="5" ci="0" mb="0" cb="0"/><line nr="1446" mi="3" ci="0" mb="0" cb="0"/><line nr="1447" mi="1" ci="0" mb="0" cb="0"/><line nr="1448" mi="4" ci="0" mb="0" cb="0"/><line nr="1450" mi="3" ci="0" mb="0" cb="0"/><line nr="1451" mi="1" ci="0" mb="0" cb="0"/><line nr="1453" mi="4" ci="0" mb="0" cb="0"/><line nr="1455" mi="3" ci="0" mb="0" cb="0"/><line nr="1456" mi="1" ci="0" mb="0" cb="0"/><line nr="1457" mi="4" ci="0" mb="0" cb="0"/><line nr="1460" mi="4" ci="0" mb="0" cb="0"/><line nr="1461" mi="11" ci="0" mb="2" cb="0"/><line nr="1462" mi="4" ci="0" mb="0" cb="0"/><line nr="1463" mi="5" ci="0" mb="0" cb="0"/><line nr="1464" mi="5" ci="0" mb="0" cb="0"/><line nr="1465" mi="6" ci="0" mb="0" cb="0"/><line nr="1466" mi="3" ci="0" mb="0" cb="0"/><line nr="1467" mi="1" ci="0" mb="0" cb="0"/><line nr="1468" mi="4" ci="0" mb="0" cb="0"/><line nr="1470" mi="4" ci="0" mb="0" cb="0"/><line nr="1471" mi="1" ci="0" mb="0" cb="0"/><line nr="1472" mi="1" ci="0" mb="0" cb="0"/><line nr="1474" mi="1" ci="0" mb="0" cb="0"/><line nr="1489" mi="4" ci="0" mb="0" cb="0"/><line nr="1490" mi="11" ci="0" mb="0" cb="0"/><line nr="1491" mi="3" ci="0" mb="0" cb="0"/><line nr="1492" mi="4" ci="0" mb="0" cb="0"/><line nr="1493" mi="2" ci="0" mb="2" cb="0"/><line nr="1494" mi="3" ci="0" mb="0" cb="0"/><line nr="1495" mi="3" ci="0" mb="0" cb="0"/><line nr="1496" mi="3" ci="0" mb="2" cb="0"/><line nr="1497" mi="5" ci="0" mb="0" cb="0"/><line nr="1498" mi="1" ci="0" mb="0" cb="0"/><line nr="1501" mi="4" ci="0" mb="0" cb="0"/><line nr="1502" mi="5" ci="0" mb="0" cb="0"/><line nr="1503" mi="6" ci="0" mb="0" cb="0"/><line nr="1504" mi="2" ci="0" mb="0" cb="0"/><line nr="1507" mi="4" ci="0" mb="2" cb="0"/><line nr="1508" mi="4" ci="0" mb="0" cb="0"/><line nr="1509" mi="10" ci="0" mb="2" cb="0"/><line nr="1510" mi="3" ci="0" mb="0" cb="0"/><line nr="1511" mi="4" ci="0" mb="2" cb="0"/><line nr="1512" mi="5" ci="0" mb="0" cb="0"/><line nr="1513" mi="4" ci="0" mb="0" cb="0"/><line nr="1516" mi="5" ci="0" mb="0" cb="0"/><line nr="1517" mi="5" ci="0" mb="0" cb="0"/><line nr="1518" mi="5" ci="0" mb="0" cb="0"/><line nr="1519" mi="6" ci="0" mb="0" cb="0"/><line nr="1522" mi="5" ci="0" mb="0" cb="0"/><line nr="1525" mi="4" ci="0" mb="2" cb="0"/><line nr="1526" mi="4" ci="0" mb="0" cb="0"/><line nr="1527" mi="10" ci="0" mb="2" cb="0"/><line nr="1528" mi="3" ci="0" mb="0" cb="0"/><line nr="1529" mi="5" ci="0" mb="0" cb="0"/><line nr="1530" mi="5" ci="0" mb="0" cb="0"/><line nr="1531" mi="6" ci="0" mb="0" cb="0"/><line nr="1532" mi="1" ci="0" mb="0" cb="0"/><line nr="1536" mi="4" ci="0" mb="2" cb="0"/><line nr="1537" mi="4" ci="0" mb="0" cb="0"/><line nr="1538" mi="10" ci="0" mb="2" cb="0"/><line nr="1539" mi="3" ci="0" mb="0" cb="0"/><line nr="1540" mi="5" ci="0" mb="0" cb="0"/><line nr="1541" mi="5" ci="0" mb="0" cb="0"/><line nr="1542" mi="6" ci="0" mb="0" cb="0"/><line nr="1545" mi="4" ci="0" mb="2" cb="0"/><line nr="1546" mi="4" ci="0" mb="0" cb="0"/><line nr="1547" mi="10" ci="0" mb="2" cb="0"/><line nr="1548" mi="3" ci="0" mb="0" cb="0"/><line nr="1549" mi="5" ci="0" mb="0" cb="0"/><line nr="1550" mi="5" ci="0" mb="0" cb="0"/><line nr="1551" mi="7" ci="0" mb="0" cb="0"/><line nr="1552" mi="1" ci="0" mb="0" cb="0"/><line nr="1554" mi="1" ci="0" mb="0" cb="0"/><line nr="1557" mi="1" ci="0" mb="0" cb="0"/><line nr="1561" mi="4" ci="0" mb="2" cb="0"/><line nr="1562" mi="4" ci="0" mb="0" cb="0"/><line nr="1563" mi="10" ci="0" mb="2" cb="0"/><line nr="1564" mi="3" ci="0" mb="0" cb="0"/><line nr="1565" mi="5" ci="0" mb="0" cb="0"/><line nr="1566" mi="5" ci="0" mb="0" cb="0"/><line nr="1567" mi="5" ci="0" mb="0" cb="0"/><line nr="1568" mi="6" ci="0" mb="0" cb="0"/><line nr="1569" mi="1" ci="0" mb="0" cb="0"/><line nr="1572" mi="1" ci="0" mb="0" cb="0"/><line nr="1573" mi="6" ci="0" mb="0" cb="0"/><line nr="1574" mi="2" ci="0" mb="0" cb="0"/><line nr="1575" mi="1" ci="0" mb="0" cb="0"/><line nr="1576" mi="5" ci="0" mb="0" cb="0"/><line nr="1577" mi="2" ci="0" mb="0" cb="0"/><line nr="1578" mi="1" ci="0" mb="0" cb="0"/><line nr="1579" mi="5" ci="0" mb="0" cb="0"/><line nr="1580" mi="2" ci="0" mb="0" cb="0"/><line nr="1581" mi="1" ci="0" mb="0" cb="0"/><line nr="1582" mi="5" ci="0" mb="0" cb="0"/><line nr="1583" mi="2" ci="0" mb="0" cb="0"/><line nr="1584" mi="4" ci="0" mb="0" cb="0"/><line nr="1587" mi="1" ci="0" mb="0" cb="0"/><line nr="1601" mi="3" ci="0" mb="0" cb="0"/><line nr="1602" mi="5" ci="0" mb="0" cb="0"/><line nr="1603" mi="1" ci="0" mb="0" cb="0"/><line nr="1612" mi="5" ci="0" mb="0" cb="0"/><line nr="1613" mi="7" ci="0" mb="0" cb="0"/><line nr="1614" mi="6" ci="0" mb="0" cb="0"/><line nr="1617" mi="3" ci="0" mb="0" cb="0"/><line nr="1618" mi="3" ci="0" mb="0" cb="0"/><line nr="1620" mi="2" ci="0" mb="0" cb="0"/><line nr="1621" mi="1" ci="0" mb="0" cb="0"/><line nr="1635" mi="2" ci="0" mb="0" cb="0"/><line nr="1636" mi="16" ci="0" mb="2" cb="0"/><line nr="1637" mi="4" ci="0" mb="2" cb="0"/><line nr="1638" mi="2" ci="0" mb="0" cb="0"/><line nr="1639" mi="1" ci="0" mb="0" cb="0"/><line nr="1642" mi="2" ci="0" mb="2" cb="0"/><line nr="1644" mi="1" ci="0" mb="0" cb="0"/><line nr="1646" mi="1" ci="0" mb="0" cb="0"/><line nr="1647" mi="2" ci="0" mb="0" cb="0"/><line nr="1648" mi="1" ci="0" mb="0" cb="0"/><line nr="1650" mi="2" ci="0" mb="0" cb="0"/><line nr="1652" mi="5" ci="0" mb="0" cb="0"/><line nr="1653" mi="1" ci="0" mb="0" cb="0"/><line nr="1654" mi="2" ci="0" mb="0" cb="0"/><line nr="1655" mi="1" ci="0" mb="0" cb="0"/><line nr="1656" mi="1" ci="0" mb="0" cb="0"/><line nr="1657" mi="1" ci="0" mb="0" cb="0"/><counter type="INSTRUCTION" missed="3978" covered="0"/><counter type="BRANCH" missed="294" covered="0"/><counter type="LINE" missed="861" covered="0"/><counter type="COMPLEXITY" missed="226" covered="0"/><counter type="METHOD" missed="67" covered="0"/><counter type="CLASS" missed="13" covered="0"/></sourcefile><sourcefile name="UMLCompleter.java"><line nr="13" mi="2" ci="0" mb="0" cb="0"/><line nr="14" mi="7" ci="0" mb="0" cb="0"/><line nr="15" mi="1" ci="0" mb="0" cb="0"/><line nr="17" mi="2" ci="0" mb="0" cb="0"/><line nr="18" mi="6" ci="0" mb="0" cb="0"/><line nr="19" mi="1" ci="0" mb="0" cb="0"/><line nr="23" mi="7" ci="0" mb="0" cb="0"/><line nr="28" mi="108" ci="0" mb="0" cb="0"/><line nr="35" mi="4" ci="0" mb="0" cb="0"/><line nr="36" mi="5" ci="0" mb="0" cb="0"/><line nr="37" mi="2" ci="0" mb="0" cb="0"/><counter type="INSTRUCTION" missed="145" covered="0"/><counter type="LINE" missed="11" covered="0"/><counter type="COMPLEXITY" missed="5" covered="0"/><counter type="METHOD" missed="5" covered="0"/><counter type="CLASS" missed="1" covered="0"/></sourcefile><sourcefile name="UMLEditor.java"><line nr="17" mi="3" ci="0" mb="0" cb="0"/><line nr="28" mi="2" ci="0" mb="0" cb="0"/><line nr="29" mi="16" ci="0" mb="2" cb="0"/><line nr="30" mi="4" ci="0" mb="2" cb="0"/><line nr="31" mi="2" ci="0" mb="0" cb="0"/><line nr="32" mi="1" ci="0" mb="0" cb="0"/><line nr="36" mi="2" ci="0" mb="2" cb="0"/><line nr="38" mi="1" ci="0" mb="0" cb="0"/><line nr="40" mi="1" ci="0" mb="0" cb="0"/><line nr="41" mi="2" ci="0" mb="0" cb="0"/><line nr="42" mi="2" ci="0" mb="0" cb="0"/><line nr="47" mi="2" ci="0" mb="0" cb="0"/><line nr="49" mi="4" ci="0" mb="0" cb="0"/><line nr="50" mi="1" ci="0" mb="0" cb="0"/><line nr="52" mi="2" ci="0" mb="0" cb="0"/><line nr="53" mi="1" ci="0" mb="0" cb="0"/><line nr="54" mi="1" ci="0" mb="0" cb="0"/><line nr="56" mi="1" ci="0" mb="0" cb="0"/><counter type="INSTRUCTION" missed="48" covered="0"/><counter type="BRANCH" missed="6" covered="0"/><counter type="LINE" missed="18" covered="0"/><counter type="COMPLEXITY" missed="6" covered="0"/><counter type="METHOD" missed="3" covered="0"/><counter type="CLASS" missed="1" covered="0"/></sourcefile><counter type="INSTRUCTION" missed="6267" covered="0"/><counter type="BRANCH" missed="427" covered="0"/><counter type="LINE" missed="1520" covered="0"/><counter type="COMPLEXITY" missed="350" covered="0"/><counter type="METHOD" missed="112" covered="0"/><counter type="CLASS" missed="16" covered="0"/></package><counter type="INSTRUCTION" missed="9468" covered="1991"/><counter type="BRANCH" missed="726" covered="237"/><counter type="LINE" missed="1996" covered="468"/><counter type="COMPLEXITY" missed="611" covered="168"/><counter type="METHOD" missed="171" covered="99"/><counter type="CLASS" missed="23" covered="8"/></report>