-------------------------------------------------------------------------------
Test set: com.classuml.methodTest
-------------------------------------------------------------------------------
Tests run: 11, Failures: 0, Errors: 11, Skipped: 0, Time elapsed: 0.073 s <<< FAILURE! - in com.classuml.methodTest
testToStringWithParameters  Time elapsed: 0.028 s  <<< ERROR!
java.lang.NullPointerException: Cannot invoke "com.classuml.Model.Method.addParameter(String, String)" because "this.method" is null
	at com.classuml.methodTest.addTestParameters(methodTest.java:21)
	at com.classuml.methodTest.testToStringWithParameters(methodTest.java:94)

testAddAndDeleteParameter  Time elapsed: 0 s  <<< ERROR!
java.lang.NullPointerException: Cannot invoke "com.classuml.Model.Method.addParameter(String, String)" because "this.method" is null
	at com.classuml.methodTest.testAddAndDeleteParameter(methodTest.java:30)

deleteNonExistingParameter  Time elapsed: 0.001 s  <<< ERROR!
java.lang.NullPointerException: Cannot invoke "com.classuml.Model.Method.addParameter(String, String)" because "this.method" is null
	at com.classuml.methodTest.deleteNonExistingParameter(methodTest.java:50)

testToStringNoParameters  Time elapsed: 0.001 s  <<< ERROR!
java.lang.NullPointerException: Cannot invoke "com.classuml.Model.Method.toString()" because "this.method" is null
	at com.classuml.methodTest.testToStringNoParameters(methodTest.java:89)

addParameterWithBlankType  Time elapsed: 0.001 s  <<< ERROR!
java.lang.NullPointerException: Cannot invoke "com.classuml.Model.Method.addParameter(String, String)" because "this.method" is null
	at com.classuml.methodTest.addParameterWithBlankType(methodTest.java:45)

changeParameterTypeToNull  Time elapsed: 0.001 s  <<< ERROR!
java.lang.NullPointerException: Cannot invoke "com.classuml.Model.Method.addParameter(String, String)" because "this.method" is null
	at com.classuml.methodTest.changeParameterTypeToNull(methodTest.java:61)

renameNonExistingParameter  Time elapsed: 0.001 s  <<< ERROR!
java.lang.NullPointerException: Cannot invoke "com.classuml.Model.Method.renameParameter(String, String)" because "this.method" is null
	at com.classuml.methodTest.renameNonExistingParameter(methodTest.java:75)

replaceParametersWithNullList  Time elapsed: 0.002 s  <<< ERROR!
java.lang.NullPointerException: Cannot invoke "com.classuml.Model.Method.addParameter(String, String)" because "this.method" is null
	at com.classuml.methodTest.replaceParametersWithNullList(methodTest.java:80)

changeTypeOfNonExistingParameter  Time elapsed: 0.001 s  <<< ERROR!
java.lang.NullPointerException: Cannot invoke "com.classuml.Model.Method.changeParameterType(String, String)" because "this.method" is null
	at com.classuml.methodTest.changeTypeOfNonExistingParameter(methodTest.java:56)

addParameterWithNullName  Time elapsed: 0.001 s  <<< ERROR!
java.lang.NullPointerException: Cannot invoke "com.classuml.Model.Method.addParameter(String, String)" because "this.method" is null
	at com.classuml.methodTest.addParameterWithNullName(methodTest.java:40)

renameParameterToExistingName  Time elapsed: 0.001 s  <<< ERROR!
java.lang.NullPointerException: Cannot invoke "com.classuml.Model.Method.addParameter(String, String)" because "this.method" is null
	at com.classuml.methodTest.renameParameterToExistingName(methodTest.java:68)

