<?xml version="1.0" encoding="UTF-8"?>
<testsuite xmlns:xsi="http://www.w3.org/2001/XMLSchema-instance" xsi:noNamespaceSchemaLocation="https://maven.apache.org/surefire/maven-surefire-plugin/xsd/surefire-test-report.xsd" name="com.classuml.UMLDiagramTest" time="0.069" tests="18" errors="0" skipped="0" failures="0">
  <properties>
[...]
</properties>
  <testcase name="testHasClassEmpty" classname="com.classuml.UMLDiagramTest" time="0.012"/>
  <testcase name="testDeleteClass" classname="com.classuml.UMLDiagramTest" time="0.001"/>
  <testcase name="testSaveLoadJSON" classname="com.classuml.UMLDiagramTest" time="0.037"/>
  <testcase name="testAddEmptyRelationship" classname="com.classuml.UMLDiagramTest" time="0.001"/>
  <testcase name="testClear" classname="com.classuml.UMLDiagramTest" time="0"/>
  <testcase name="testRenameAttribute" classname="com.classuml.UMLDiagramTest" time="0"/>
  <testcase name="testRenameClass" classname="com.classuml.UMLDiagramTest" time="0.001"/>
  <testcase name="testAddClass" classname="com.classuml.UMLDiagramTest" time="0"/>
  <testcase name="testDeleteMethod" classname="com.classuml.UMLDiagramTest" time="0.001"/>
  <testcase name="testDeleteRelationshipEmptyParam" classname="com.classuml.UMLDiagramTest" time="0"/>
  <testcase name="testAddMethod" classname="com.classuml.UMLDiagramTest" time="0"/>
  <testcase name="testRenameMethod" classname="com.classuml.UMLDiagramTest" time="0.001"/>
  <testcase name="testHasClass" classname="com.classuml.UMLDiagramTest" time="0.001"/>
  <testcase name="testAddAttribute" classname="com.classuml.UMLDiagramTest" time="0"/>
  <testcase name="testDeleteRelationship" classname="com.classuml.UMLDiagramTest" time="0.001"/>
  <testcase name="testAddRelationship" classname="com.classuml.UMLDiagramTest" time="0"/>
  <testcase name="testAddRelationshipBadType1" classname="com.classuml.UMLDiagramTest" time="0"/>
  <testcase name="testAddRelationshipBadType2" classname="com.classuml.UMLDiagramTest" time="0"/>
</testsuite>